#
# There is insufficient memory for the Java Runtime Environment to continue.
# Native memory allocation (mmap) failed to map 264241152 bytes for G1 virtual space
# Possible reasons:
#   The system is out of physical RAM or swap space
#   The process is running with CompressedOops enabled, and the Java Heap may be blocking the growth of the native heap
# Possible solutions:
#   Reduce memory load on the system
#   Increase physical memory or swap space
#   Check if swap backing store is full
#   Decrease Java heap size (-Xmx/-Xms)
#   Decrease number of Java threads
#   Decrease Java thread stack sizes (-Xss)
#   Set larger code cache with -XX:ReservedCodeCacheSize=
#   JVM is running with Zero Based Compressed Oops mode in which the Java heap is
#     placed in the first 32GB address space. The Java Heap base address is the
#     maximum limit for the native heap growth. Please use -XX:HeapBaseMinAddress
#     to set the Java Heap base and to place the Java Heap above 32GB virtual address.
# This output file may be truncated or incomplete.
#
#  Out of Memory Error (os_windows.cpp:3771), pid=5988, tid=4488
#
# JRE version:  (17.0.7) (build )
# Java VM: OpenJDK 64-Bit Server VM (17.0.7+0-b2043.56-10550314, mixed mode, sharing, tiered, compressed oops, compressed class ptrs, g1 gc, windows-amd64)
# No core dump will be written. Minidumps are not enabled by default on client versions of Windows
#

---------------  S U M M A R Y ------------

Command Line: org.jetbrains.kotlin.cli.jvm.K2JVMCompiler @D:\Programming\Android\SecuriKey\app\build\20240522_16761347053826405945.compiler.options

Host: 13th Gen Intel(R) Core(TM) i7-13700H, 20 cores, 15G,  Windows 11 , 64 bit Build 22621 (10.0.22621.3374)
Time: Wed May 22 09:05:02 2024 India Standard Time elapsed time: 0.006782 seconds (0d 0h 0m 0s)

---------------  T H R E A D  ---------------

Current thread (0x000001e19609d380):  JavaThread "Unknown thread" [_thread_in_vm, id=4488, stack(0x0000001adc000000,0x0000001adc100000)]

Stack: [0x0000001adc000000,0x0000001adc100000]
Native frames: (J=compiled Java code, j=interpreted, Vv=VM code, C=native code)
V  [jvm.dll+0x683bfa]
V  [jvm.dll+0x8430a4]
V  [jvm.dll+0x8449be]
V  [jvm.dll+0x845023]
V  [jvm.dll+0x24ad2f]
V  [jvm.dll+0x680ac9]
V  [jvm.dll+0x67519a]
V  [jvm.dll+0x30b3cb]
V  [jvm.dll+0x312876]
V  [jvm.dll+0x36221e]
V  [jvm.dll+0x36244f]
V  [jvm.dll+0x2e14a8]
V  [jvm.dll+0x2e2414]
V  [jvm.dll+0x814391]
V  [jvm.dll+0x36ffe1]
V  [jvm.dll+0x7f396c]
V  [jvm.dll+0x3f305f]
V  [jvm.dll+0x3f4b91]
C  [jli.dll+0x528f]
C  [ucrtbase.dll+0x29333]
C  [KERNEL32.DLL+0x1257d]
C  [ntdll.dll+0x5aa48]


---------------  P R O C E S S  ---------------

Threads class SMR info:
_java_thread_list=0x00007ff905fed098, length=0, elements={
}

Java Threads: ( => current thread )

Other Threads:
  0x000001e19610c040 GCTaskThread "GC Thread#0" [stack: 0x0000001adc100000,0x0000001adc200000] [id=4228]
  0x000001e19611db90 ConcurrentGCThread "G1 Main Marker" [stack: 0x0000001adc200000,0x0000001adc300000] [id=16608]
  0x000001e19611e5a0 ConcurrentGCThread "G1 Conc#0" [stack: 0x0000001adc300000,0x0000001adc400000] [id=19376]

[error occurred during error reporting (printing all threads), id 0xc0000005, EXCEPTION_ACCESS_VIOLATION (0xc0000005) at pc=0x00007ff9057a2087]

VM state: not at safepoint (not fully initialized)

VM Mutex/Monitor currently owned by a thread:  ([mutex/lock_event])
[0x000001e196098110] Heap_lock - owner thread: 0x000001e19609d380

Heap address: 0x0000000704000000, size: 4032 MB, Compressed Oops mode: Zero based, Oop shift amount: 3

CDS archive(s) mapped at: [0x0000000000000000-0x0000000000000000-0x0000000000000000), size 0, SharedBaseAddress: 0x0000000800000000, ArchiveRelocationMode: 0.
Narrow klass base: 0x0000000000000000, Narrow klass shift: 0, Narrow klass range: 0x0

GC Precious Log:
<Empty>

Heap:
 garbage-first heap   total 0K, used 0K [0x0000000704000000, 0x0000000800000000)
  region size 2048K, 0 young (0K), 0 survivors (0K)
 Metaspace       used 0K, committed 0K, reserved 0K
  class space    used 0K, committed 0K, reserved 0K

Heap Regions: E=young(eden), S=young(survivor), O=old, HS=humongous(starts), HC=humongous(continues), CS=collection set, F=free, OA=open archive, CA=closed archive, TAMS=top-at-mark-start (previous, next)

Card table byte_map: [0x000001e1a9800000,0x000001e1a9fe0000] _byte_map_base: 0x000001e1a5fe0000

Marking Bits (Prev, Next): (CMBitMap*) 0x000001e19610d660, (CMBitMap*) 0x000001e19610d6a0
 Prev Bits: [0x000001e1aa7c0000, 0x000001e1ae6c0000)
 Next Bits: [0x000001e1ae6c0000, 0x000001e1b25c0000)

GC Heap History (0 events):
No events

Dll operation events (1 events):
Event: 0.003 Loaded shared library D:\Android\Android Studio\jbr\bin\java.dll

Deoptimization events (0 events):
No events

Classes unloaded (0 events):
No events

Classes redefined (0 events):
No events

Internal exceptions (0 events):
No events

VM Operations (0 events):
No events

Events (0 events):
No events


Dynamic libraries:
0x00007ff7cae40000 - 0x00007ff7cae4a000 	D:\Android\Android Studio\jbr\bin\java.exe
0x00007ff97f6f0000 - 0x00007ff97f906000 	C:\WINDOWS\SYSTEM32\ntdll.dll
0x00007ff97eab0000 - 0x00007ff97eb74000 	C:\WINDOWS\System32\KERNEL32.DLL
0x00007ff97d040000 - 0x00007ff97d3e7000 	C:\WINDOWS\System32\KERNELBASE.dll
0x00007ff97cc90000 - 0x00007ff97cda1000 	C:\WINDOWS\System32\ucrtbase.dll
0x00007ff960800000 - 0x00007ff960817000 	D:\Android\Android Studio\jbr\bin\jli.dll
0x00007ff9572d0000 - 0x00007ff9572eb000 	D:\Android\Android Studio\jbr\bin\VCRUNTIME140.dll
0x00007ff97ddd0000 - 0x00007ff97df7e000 	C:\WINDOWS\System32\USER32.dll
0x00007ff97ca10000 - 0x00007ff97ca36000 	C:\WINDOWS\System32\win32u.dll
0x00007ff95ca30000 - 0x00007ff95ccc3000 	C:\WINDOWS\WinSxS\amd64_microsoft.windows.common-controls_6595b64144ccf1df_6.0.22621.3235_none_270f74e173860f98\COMCTL32.dll
0x00007ff97db30000 - 0x00007ff97db59000 	C:\WINDOWS\System32\GDI32.dll
0x00007ff97f0c0000 - 0x00007ff97f167000 	C:\WINDOWS\System32\msvcrt.dll
0x00007ff97cb70000 - 0x00007ff97cc89000 	C:\WINDOWS\System32\gdi32full.dll
0x00007ff97cfa0000 - 0x00007ff97d03a000 	C:\WINDOWS\System32\msvcp_win.dll
0x00007ff97d4e0000 - 0x00007ff97d511000 	C:\WINDOWS\System32\IMM32.DLL
0x00007ff978710000 - 0x00007ff97871c000 	D:\Android\Android Studio\jbr\bin\vcruntime140_1.dll
0x00007ff9080c0000 - 0x00007ff90814d000 	D:\Android\Android Studio\jbr\bin\msvcp140.dll
0x00007ff9054b0000 - 0x00007ff906130000 	D:\Android\Android Studio\jbr\bin\server\jvm.dll
0x00007ff97d420000 - 0x00007ff97d4d2000 	C:\WINDOWS\System32\ADVAPI32.dll
0x00007ff97db60000 - 0x00007ff97dc08000 	C:\WINDOWS\System32\sechost.dll
0x00007ff97d3f0000 - 0x00007ff97d418000 	C:\WINDOWS\System32\bcrypt.dll
0x00007ff97dcb0000 - 0x00007ff97ddc5000 	C:\WINDOWS\System32\RPCRT4.dll
0x00007ff979c80000 - 0x00007ff979c89000 	C:\WINDOWS\SYSTEM32\WSOCK32.dll
0x00007ff97e950000 - 0x00007ff97e9c1000 	C:\WINDOWS\System32\WS2_32.dll
0x00007ff973660000 - 0x00007ff973694000 	C:\WINDOWS\SYSTEM32\WINMM.dll
0x00007ff961c90000 - 0x00007ff961c9a000 	C:\WINDOWS\SYSTEM32\VERSION.dll
0x00007ff97ba10000 - 0x00007ff97ba28000 	C:\WINDOWS\SYSTEM32\kernel.appcore.dll
0x00007ff979c40000 - 0x00007ff979c4a000 	D:\Android\Android Studio\jbr\bin\jimage.dll
0x00007ff9732f0000 - 0x00007ff973523000 	C:\WINDOWS\SYSTEM32\DBGHELP.DLL
0x00007ff97d580000 - 0x00007ff97d908000 	C:\WINDOWS\System32\combase.dll
0x00007ff97f5d0000 - 0x00007ff97f6a7000 	C:\WINDOWS\System32\OLEAUT32.dll
0x00007ff95e760000 - 0x00007ff95e792000 	C:\WINDOWS\SYSTEM32\dbgcore.DLL
0x00007ff97cdb0000 - 0x00007ff97ce29000 	C:\WINDOWS\System32\bcryptPrimitives.dll
0x00007ff976990000 - 0x00007ff9769b5000 	D:\Android\Android Studio\jbr\bin\java.dll

dbghelp: loaded successfully - version: 4.0.5 - missing functions: none
symbol engine: initialized successfully - sym options: 0x614 - pdb path: .;D:\Android\Android Studio\jbr\bin;C:\WINDOWS\SYSTEM32;C:\WINDOWS\WinSxS\amd64_microsoft.windows.common-controls_6595b64144ccf1df_6.0.22621.3235_none_270f74e173860f98;D:\Android\Android Studio\jbr\bin\server

VM Arguments:
java_command: org.jetbrains.kotlin.cli.jvm.K2JVMCompiler @D:\Programming\Android\SecuriKey\app\build\20240522_16761347053826405945.compiler.options
java_class_path (initial): D:\Android\.gradle\caches\modules-2\files-2.1\org.jetbrains.kotlin\kotlin-compiler-embeddable\1.9.22\9cd4dc7773cf2a99ecd961a88fbbc9a2da3fb5e1\kotlin-compiler-embeddable-1.9.22.jar;D:\Android\.gradle\caches\modules-2\files-2.1\org.jetbrains.kotlin\kotlin-stdlib\1.9.22\d6c44cd08d8f3f9bece8101216dbe6553365c6e3\kotlin-stdlib-1.9.22.jar;D:\Android\.gradle\caches\modules-2\files-2.1\org.jetbrains.kotlin\kotlin-script-runtime\1.9.22\f8139a46fc677ec9badc49ae954392f4f5e7e7c7\kotlin-script-runtime-1.9.22.jar;D:\Android\.gradle\caches\modules-2\files-2.1\org.jetbrains.kotlin\kotlin-reflect\1.6.10\1cbe9c92c12a94eea200d23c2bbaedaf3daf5132\kotlin-reflect-1.6.10.jar;D:\Android\.gradle\caches\modules-2\files-2.1\org.jetbrains.kotlin\kotlin-daemon-embeddable\1.9.22\20e2c5df715f3240c765cfc222530e2796542021\kotlin-daemon-embeddable-1.9.22.jar;D:\Android\.gradle\caches\modules-2\files-2.1\org.jetbrains.intellij.deps\trove4j\1.0.20200330\3afb14d5f9ceb459d724e907a21145e8ff394f02\trove4j-1.0.20200330.jar;D:\Android\.gradle\caches\modules-2\files-2.1\org.jetbrains\annotations\13.0\919f0dfe192fb4e063e7dacadee7f8bb9a2672a9\annotations-13.0.jar
Launcher Type: SUN_STANDARD

[Global flags]
     intx CICompilerCount                          = 12                                        {product} {ergonomic}
     uint ConcGCThreads                            = 4                                         {product} {ergonomic}
     uint G1ConcRefinementThreads                  = 15                                        {product} {ergonomic}
   size_t G1HeapRegionSize                         = 2097152                                   {product} {ergonomic}
    uintx GCDrainStackTargetSize                   = 64                                        {product} {ergonomic}
   size_t InitialHeapSize                          = 264241152                                 {product} {ergonomic}
   size_t MarkStackSize                            = 4194304                                   {product} {ergonomic}
   size_t MaxHeapSize                              = 4227858432                                {product} {ergonomic}
   size_t MinHeapDeltaBytes                        = 2097152                                   {product} {ergonomic}
   size_t MinHeapSize                              = 8388608                                   {product} {ergonomic}
    uintx NonNMethodCodeHeapSize                   = 7602480                                {pd product} {ergonomic}
    uintx NonProfiledCodeHeapSize                  = 122027880                              {pd product} {ergonomic}
    uintx ProfiledCodeHeapSize                     = 122027880                              {pd product} {ergonomic}
    uintx ReservedCodeCacheSize                    = 251658240                              {pd product} {ergonomic}
     bool SegmentedCodeCache                       = true                                      {product} {ergonomic}
   size_t SoftMaxHeapSize                          = 4227858432                             {manageable} {ergonomic}
     bool UseCompressedClassPointers               = true                           {product lp64_product} {ergonomic}
     bool UseCompressedOops                        = true                           {product lp64_product} {ergonomic}
     bool UseG1GC                                  = true                                      {product} {ergonomic}
     bool UseLargePagesIndividualAllocation        = false                                  {pd product} {ergonomic}

Logging:
Log output configuration:
 #0: stdout all=warning uptime,level,tags
 #1: stderr all=off uptime,level,tags

Environment Variables:
JAVA_HOME=D:\Programming\Java\jdk-22
PATH=C:\Program Files\Common Files\Oracle\Java\javapath;C:\Program Files (x86)\Common Files\Oracle\Java\javapath;C:\WINDOWS\system32;C:\WINDOWS;C:\WINDOWS\System32\Wbem;C:\WINDOWS\System32\WindowsPowerShell\v1.0\;C:\WINDOWS\System32\OpenSSH\;C:\Program Files\dotnet\;C:\MinGW\bin;C:\kotlinc\bin;D:\Programming\Git\cmd;D:\Programming\Python\Python311;D:\Programming\Python;D:\Programming\Python\Python311\Scripts;D:\Programming\nodejs\;C:\Program Files\MySQL\MySQL Shell 8.0\bin\;D:\Programming\Python311\Scripts\;D:\Programming\Python311\;C:\Users\agnid\AppData\Local\Microsoft\WindowsApps;D:\Programming\Python\Launcher;C:\Users\agnid\AppData\Roaming\npm;D:\Programming\Microsoft VS Code\bin;D:\Android\Sdk;D:\Android\Sdk\platform-tools;D:\Android\Sdk\emulator;D:\Android\Sdk\tools;D:\Android\Sdk\tools\bin;D:\Softwares\flutter\bin;C:\Users\agnid\AppData\Local\Pub\Cache\bin
USERNAME=agnid
OS=Windows_NT
PROCESSOR_IDENTIFIER=Intel64 Family 6 Model 186 Stepping 2, GenuineIntel
TMP=C:\Users\agnid\AppData\Local\Temp
TEMP=C:\Users\agnid\AppData\Local\Temp


JNI global refs:
JNI global refs: 0, weak refs: 0

JNI global refs memory usage: 0, weak refs: 0

OOME stack traces (most recent first):
Classloader memory used:


---------------  S Y S T E M  ---------------

OS:
 Windows 11 , 64 bit Build 22621 (10.0.22621.3374)
OS uptime: 0 days 2:04 hours
Hyper-V role detected

CPU: total 20 (initial active 20) (10 cores per cpu, 2 threads per core) family 6 model 186 stepping 2 microcode 0x410e, cx8, cmov, fxsr, ht, mmx, 3dnowpref, sse, sse2, sse3, ssse3, sse4.1, sse4.2, popcnt, lzcnt, tsc, tscinvbit, avx, avx2, aes, erms, clmul, bmi1, bmi2, adx, sha, fma, vzeroupper, clflush, clflushopt, clwb, hv

Memory: 4k page, system-wide physical 16125M (3202M free)
TotalPageFile size 19057M (AvailPageFile size 148M)
current process WorkingSet (physical memory assigned to process): 11M, peak: 11M
current process commit charge ("private bytes"): 75M, peak: 327M

vm_info: OpenJDK 64-Bit Server VM (17.0.7+0-b2043.56-10550314) for windows-amd64 JRE (17.0.7+0-b2043.56-10550314), built on Jul 24 2023 18:27:45 by "androidbuild" with MS VC++ 16.10 / 16.11 (VS2019)

END.
