#
# There is insufficient memory for the Java Runtime Environment to continue.
# Native memory allocation (mmap) failed to map 264241152 bytes for G1 virtual space
# Possible reasons:
#   The system is out of physical RAM or swap space
#   The process is running with CompressedOops enabled, and the Java Heap may be blocking the growth of the native heap
# Possible solutions:
#   Reduce memory load on the system
#   Increase physical memory or swap space
#   Check if swap backing store is full
#   Decrease Java heap size (-Xmx/-Xms)
#   Decrease number of Java threads
#   Decrease Java thread stack sizes (-Xss)
#   Set larger code cache with -XX:ReservedCodeCacheSize=
#   JVM is running with Zero Based Compressed Oops mode in which the Java heap is
#     placed in the first 32GB address space. The Java Heap base address is the
#     maximum limit for the native heap growth. Please use -XX:HeapBaseMinAddress
#     to set the Java Heap base and to place the Java Heap above 32GB virtual address.
# This output file may be truncated or incomplete.
#
#  Out of Memory Error (os_windows.cpp:3825), pid=15620, tid=14036
#
# JRE version:  (17.0.10) (build )
# Java VM: OpenJDK 64-Bit Server VM (17.0.10+0--11572160, mixed mode, sharing, tiered, compressed oops, compressed class ptrs, g1 gc, windows-amd64)
# No core dump will be written. Minidumps are not enabled by default on client versions of Windows
#

---------------  S U M M A R Y ------------

Command Line: org.jetbrains.kotlin.cli.jvm.K2JVMCompiler @D:\Programming\Android\SecuriKey\app\build\20240608_11123153197636961996.compiler.options

Host: 13th Gen Intel(R) Core(TM) i7-13700H, 20 cores, 15G,  Windows 11 , 64 bit Build 22621 (10.0.22621.3527)
Time: Sat Jun  8 08:45:05 2024 India Standard Time elapsed time: 0.010840 seconds (0d 0h 0m 0s)

---------------  T H R E A D  ---------------

Current thread (0x0000015afe8c7b70):  JavaThread "Unknown thread" [_thread_in_vm, id=14036, stack(0x00000042d4000000,0x00000042d4100000)]

Stack: [0x00000042d4000000,0x00000042d4100000]
Native frames: (J=compiled Java code, j=interpreted, Vv=VM code, C=native code)
V  [jvm.dll+0x688e89]
V  [jvm.dll+0x84247a]
V  [jvm.dll+0x8440be]
V  [jvm.dll+0x844723]
V  [jvm.dll+0x24be0f]
V  [jvm.dll+0x685c59]
V  [jvm.dll+0x67a50a]
V  [jvm.dll+0x30cbab]
V  [jvm.dll+0x314056]
V  [jvm.dll+0x363dce]
V  [jvm.dll+0x363fff]
V  [jvm.dll+0x2e2978]
V  [jvm.dll+0x2e38e4]
V  [jvm.dll+0x813011]
V  [jvm.dll+0x371c81]
V  [jvm.dll+0x7f1b66]
V  [jvm.dll+0x3f58df]
V  [jvm.dll+0x3f7511]
C  [jli.dll+0x528f]
C  [ucrtbase.dll+0x29333]
C  [KERNEL32.DLL+0x1257d]
C  [ntdll.dll+0x5aa48]


---------------  P R O C E S S  ---------------

Threads class SMR info:
_java_thread_list=0x00007ff9bd04ef58, length=0, elements={
}

Java Threads: ( => current thread )

Other Threads:
  0x0000015afe937460 GCTaskThread "GC Thread#0" [stack: 0x00000042d4100000,0x00000042d4200000] [id=15036]
  0x0000015afe947fb0 ConcurrentGCThread "G1 Main Marker" [stack: 0x00000042d4200000,0x00000042d4300000] [id=17432]
  0x0000015afe9489d0 ConcurrentGCThread "G1 Conc#0" [stack: 0x00000042d4300000,0x00000042d4400000] [id=19056]

[error occurred during error reporting (printing all threads), id 0xc0000005, EXCEPTION_ACCESS_VIOLATION (0xc0000005) at pc=0x00007ff9bc803547]

VM state: not at safepoint (not fully initialized)

VM Mutex/Monitor currently owned by a thread:  ([mutex/lock_event])
[0x0000015afe8c2f50] Heap_lock - owner thread: 0x0000015afe8c7b70

Heap address: 0x0000000704000000, size: 4032 MB, Compressed Oops mode: Zero based, Oop shift amount: 3

CDS archive(s) mapped at: [0x0000000000000000-0x0000000000000000-0x0000000000000000), size 0, SharedBaseAddress: 0x0000000800000000, ArchiveRelocationMode: 1.
Narrow klass base: 0x0000000000000000, Narrow klass shift: 0, Narrow klass range: 0x0

GC Precious Log:
<Empty>

Heap:
 garbage-first heap   total 0K, used 0K [0x0000000704000000, 0x0000000800000000)
  region size 2048K, 0 young (0K), 0 survivors (0K)
 Metaspace       used 0K, committed 0K, reserved 0K
  class space    used 0K, committed 0K, reserved 0K

Heap Regions: E=young(eden), S=young(survivor), O=old, HS=humongous(starts), HC=humongous(continues), CS=collection set, F=free, OA=open archive, CA=closed archive, TAMS=top-at-mark-start (previous, next)

Card table byte_map: [0x0000015a92420000,0x0000015a92c00000] _byte_map_base: 0x0000015a8ec00000

Marking Bits (Prev, Next): (CMBitMap*) 0x0000015afe937a80, (CMBitMap*) 0x0000015afe937ac0
 Prev Bits: [0x0000015a933e0000, 0x0000015a972e0000)
 Next Bits: [0x0000015a972e0000, 0x0000015a9b1e0000)

GC Heap History (0 events):
No events

Dll operation events (1 events):
Event: 0.007 Loaded shared library D:\Android\Android Studio\jbr\bin\java.dll

Deoptimization events (0 events):
No events

Classes unloaded (0 events):
No events

Classes redefined (0 events):
No events

Internal exceptions (0 events):
No events

VM Operations (0 events):
No events

Events (0 events):
No events


Dynamic libraries:
0x00007ff6a6770000 - 0x00007ff6a677a000 	D:\Android\Android Studio\jbr\bin\java.exe
0x00007ffa19af0000 - 0x00007ffa19d07000 	C:\WINDOWS\SYSTEM32\ntdll.dll
0x00007ffa19250000 - 0x00007ffa19314000 	C:\WINDOWS\System32\KERNEL32.DLL
0x00007ffa17470000 - 0x00007ffa17817000 	C:\WINDOWS\System32\KERNELBASE.dll
0x00007ffa17350000 - 0x00007ffa17461000 	C:\WINDOWS\System32\ucrtbase.dll
0x00007ff9f5c50000 - 0x00007ff9f5c67000 	D:\Android\Android Studio\jbr\bin\jli.dll
0x00007ff9f1cd0000 - 0x00007ff9f1ceb000 	D:\Android\Android Studio\jbr\bin\VCRUNTIME140.dll
0x00007ffa19630000 - 0x00007ffa197de000 	C:\WINDOWS\System32\USER32.dll
0x00007ffa16ec0000 - 0x00007ffa16ee6000 	C:\WINDOWS\System32\win32u.dll
0x00007ff9fd900000 - 0x00007ff9fdb93000 	C:\WINDOWS\WinSxS\amd64_microsoft.windows.common-controls_6595b64144ccf1df_6.0.22621.3527_none_270e469b73872a76\COMCTL32.dll
0x00007ffa17c30000 - 0x00007ffa17c59000 	C:\WINDOWS\System32\GDI32.dll
0x00007ffa181f0000 - 0x00007ffa18297000 	C:\WINDOWS\System32\msvcrt.dll
0x00007ffa17060000 - 0x00007ffa17179000 	C:\WINDOWS\System32\gdi32full.dll
0x00007ffa172b0000 - 0x00007ffa1734a000 	C:\WINDOWS\System32\msvcp_win.dll
0x00007ffa17ae0000 - 0x00007ffa17b11000 	C:\WINDOWS\System32\IMM32.DLL
0x00007ff9f5d10000 - 0x00007ff9f5d1c000 	D:\Android\Android Studio\jbr\bin\vcruntime140_1.dll
0x00007ff9c4020000 - 0x00007ff9c40ad000 	D:\Android\Android Studio\jbr\bin\msvcp140.dll
0x00007ff9bc510000 - 0x00007ff9bd193000 	D:\Android\Android Studio\jbr\bin\server\jvm.dll
0x00007ffa18340000 - 0x00007ffa183f2000 	C:\WINDOWS\System32\ADVAPI32.dll
0x00007ffa17b20000 - 0x00007ffa17bc8000 	C:\WINDOWS\System32\sechost.dll
0x00007ffa16e90000 - 0x00007ffa16eb8000 	C:\WINDOWS\System32\bcrypt.dll
0x00007ffa19510000 - 0x00007ffa19625000 	C:\WINDOWS\System32\RPCRT4.dll
0x00007ffa16580000 - 0x00007ffa165cd000 	C:\WINDOWS\SYSTEM32\POWRPROF.dll
0x00007ffa12360000 - 0x00007ffa12369000 	C:\WINDOWS\SYSTEM32\WSOCK32.dll
0x00007ffa19490000 - 0x00007ffa19501000 	C:\WINDOWS\System32\WS2_32.dll
0x00007ffa0dec0000 - 0x00007ffa0def4000 	C:\WINDOWS\SYSTEM32\WINMM.dll
0x00007ffa0e210000 - 0x00007ffa0e21a000 	C:\WINDOWS\SYSTEM32\VERSION.dll
0x00007ffa16560000 - 0x00007ffa16573000 	C:\WINDOWS\SYSTEM32\UMPDC.dll
0x00007ffa15d90000 - 0x00007ffa15da8000 	C:\WINDOWS\SYSTEM32\kernel.appcore.dll
0x00007ffa12350000 - 0x00007ffa1235a000 	D:\Android\Android Studio\jbr\bin\jimage.dll
0x00007ffa0d0f0000 - 0x00007ffa0d322000 	C:\WINDOWS\SYSTEM32\DBGHELP.DLL
0x00007ffa17c70000 - 0x00007ffa17ff8000 	C:\WINDOWS\System32\combase.dll
0x00007ffa199d0000 - 0x00007ffa19aa7000 	C:\WINDOWS\System32\OLEAUT32.dll
0x00007ff9ffab0000 - 0x00007ff9ffae2000 	C:\WINDOWS\SYSTEM32\dbgcore.DLL
0x00007ffa16e10000 - 0x00007ffa16e89000 	C:\WINDOWS\System32\bcryptPrimitives.dll
0x00007ffa0c8b0000 - 0x00007ffa0c8d5000 	D:\Android\Android Studio\jbr\bin\java.dll

dbghelp: loaded successfully - version: 4.0.5 - missing functions: none
symbol engine: initialized successfully - sym options: 0x614 - pdb path: .;D:\Android\Android Studio\jbr\bin;C:\WINDOWS\SYSTEM32;C:\WINDOWS\WinSxS\amd64_microsoft.windows.common-controls_6595b64144ccf1df_6.0.22621.3527_none_270e469b73872a76;D:\Android\Android Studio\jbr\bin\server

VM Arguments:
java_command: org.jetbrains.kotlin.cli.jvm.K2JVMCompiler @D:\Programming\Android\SecuriKey\app\build\20240608_11123153197636961996.compiler.options
java_class_path (initial): D:\Android\.gradle\caches\modules-2\files-2.1\org.jetbrains.kotlin\kotlin-compiler-embeddable\1.9.22\9cd4dc7773cf2a99ecd961a88fbbc9a2da3fb5e1\kotlin-compiler-embeddable-1.9.22.jar;D:\Android\.gradle\caches\modules-2\files-2.1\org.jetbrains.kotlin\kotlin-stdlib\1.9.22\d6c44cd08d8f3f9bece8101216dbe6553365c6e3\kotlin-stdlib-1.9.22.jar;D:\Android\.gradle\caches\modules-2\files-2.1\org.jetbrains.kotlin\kotlin-script-runtime\1.9.22\f8139a46fc677ec9badc49ae954392f4f5e7e7c7\kotlin-script-runtime-1.9.22.jar;D:\Android\.gradle\caches\modules-2\files-2.1\org.jetbrains.kotlin\kotlin-reflect\1.6.10\1cbe9c92c12a94eea200d23c2bbaedaf3daf5132\kotlin-reflect-1.6.10.jar;D:\Android\.gradle\caches\modules-2\files-2.1\org.jetbrains.kotlin\kotlin-daemon-embeddable\1.9.22\20e2c5df715f3240c765cfc222530e2796542021\kotlin-daemon-embeddable-1.9.22.jar;D:\Android\.gradle\caches\modules-2\files-2.1\org.jetbrains.intellij.deps\trove4j\1.0.20200330\3afb14d5f9ceb459d724e907a21145e8ff394f02\trove4j-1.0.20200330.jar;D:\Android\.gradle\caches\modules-2\files-2.1\org.jetbrains\annotations\13.0\919f0dfe192fb4e063e7dacadee7f8bb9a2672a9\annotations-13.0.jar
Launcher Type: SUN_STANDARD

[Global flags]
     intx CICompilerCount                          = 12                                        {product} {ergonomic}
     uint ConcGCThreads                            = 4                                         {product} {ergonomic}
     uint G1ConcRefinementThreads                  = 15                                        {product} {ergonomic}
   size_t G1HeapRegionSize                         = 2097152                                   {product} {ergonomic}
    uintx GCDrainStackTargetSize                   = 64                                        {product} {ergonomic}
   size_t InitialHeapSize                          = 264241152                                 {product} {ergonomic}
   size_t MarkStackSize                            = 4194304                                   {product} {ergonomic}
   size_t MaxHeapSize                              = 4227858432                                {product} {ergonomic}
   size_t MinHeapDeltaBytes                        = 2097152                                   {product} {ergonomic}
   size_t MinHeapSize                              = 8388608                                   {product} {ergonomic}
    uintx NonNMethodCodeHeapSize                   = 7602480                                {pd product} {ergonomic}
    uintx NonProfiledCodeHeapSize                  = 122027880                              {pd product} {ergonomic}
    uintx ProfiledCodeHeapSize                     = 122027880                              {pd product} {ergonomic}
    uintx ReservedCodeCacheSize                    = 251658240                              {pd product} {ergonomic}
     bool SegmentedCodeCache                       = true                                      {product} {ergonomic}
   size_t SoftMaxHeapSize                          = 4227858432                             {manageable} {ergonomic}
     bool UseCompressedClassPointers               = true                           {product lp64_product} {ergonomic}
     bool UseCompressedOops                        = true                           {product lp64_product} {ergonomic}
     bool UseG1GC                                  = true                                      {product} {ergonomic}
     bool UseLargePagesIndividualAllocation        = false                                  {pd product} {ergonomic}

Logging:
Log output configuration:
 #0: stdout all=warning uptime,level,tags
 #1: stderr all=off uptime,level,tags

Environment Variables:
JAVA_HOME=D:\Programming\Java\jdk-22
PATH=C:\Program Files\Common Files\Oracle\Java\javapath;C:\Program Files (x86)\Common Files\Oracle\Java\javapath;C:\WINDOWS\system32;C:\WINDOWS;C:\WINDOWS\System32\Wbem;C:\WINDOWS\System32\WindowsPowerShell\v1.0\;C:\WINDOWS\System32\OpenSSH\;C:\Program Files\dotnet\;C:\MinGW\bin;C:\kotlinc\bin;D:\Programming\Git\cmd;D:\Programming\Python\Python311;D:\Programming\Python;D:\Programming\Python\Python311\Scripts;D:\Programming\nodejs\;C:\Program Files\MySQL\MySQL Shell 8.0\bin\;D:\Programming\Python311\Scripts\;D:\Programming\Python311\;C:\Users\agnid\AppData\Local\Microsoft\WindowsApps;D:\Programming\Python\Launcher;C:\Users\agnid\AppData\Roaming\npm;D:\Programming\Microsoft VS Code\bin;D:\Android\Sdk;D:\Android\Sdk\platform-tools;D:\Android\Sdk\emulator;D:\Android\Sdk\tools;D:\Android\Sdk\tools\bin;D:\Softwares\flutter\bin;C:\Users\agnid\AppData\Local\Pub\Cache\bin
USERNAME=agnid
OS=Windows_NT
PROCESSOR_IDENTIFIER=Intel64 Family 6 Model 186 Stepping 2, GenuineIntel
TMP=C:\Users\agnid\AppData\Local\Temp
TEMP=C:\Users\agnid\AppData\Local\Temp



Periodic native trim disabled

JNI global refs:
JNI global refs: 0, weak refs: 0

JNI global refs memory usage: 0, weak refs: 0

OOME stack traces (most recent first):
Classloader memory used:


---------------  S Y S T E M  ---------------

OS:
 Windows 11 , 64 bit Build 22621 (10.0.22621.3527)
OS uptime: 0 days 2:15 hours
Hyper-V role detected

CPU: total 20 (initial active 20) (10 cores per cpu, 2 threads per core) family 6 model 186 stepping 2 microcode 0x410e, cx8, cmov, fxsr, ht, mmx, 3dnowpref, sse, sse2, sse3, ssse3, sse4.1, sse4.2, popcnt, lzcnt, tsc, tscinvbit, avx, avx2, aes, erms, clmul, bmi1, bmi2, adx, sha, fma, vzeroupper, clflush, clflushopt, clwb, hv
Processor Information for processor 0
  Max Mhz: 2400, Current Mhz: 2400, Mhz Limit: 2400
Processor Information for processor 1
  Max Mhz: 2400, Current Mhz: 2400, Mhz Limit: 2400
Processor Information for processor 2
  Max Mhz: 2400, Current Mhz: 2400, Mhz Limit: 2400
Processor Information for processor 3
  Max Mhz: 2400, Current Mhz: 2400, Mhz Limit: 2400
Processor Information for processor 4
  Max Mhz: 2400, Current Mhz: 2400, Mhz Limit: 2400
Processor Information for processor 5
  Max Mhz: 2400, Current Mhz: 2400, Mhz Limit: 2400
Processor Information for processor 6
  Max Mhz: 2400, Current Mhz: 2400, Mhz Limit: 2400
Processor Information for processor 7
  Max Mhz: 2400, Current Mhz: 2400, Mhz Limit: 2400
Processor Information for processor 8
  Max Mhz: 2400, Current Mhz: 2400, Mhz Limit: 2400
Processor Information for processor 9
  Max Mhz: 2400, Current Mhz: 2400, Mhz Limit: 2400
Processor Information for processor 10
  Max Mhz: 2400, Current Mhz: 2400, Mhz Limit: 2400
Processor Information for processor 11
  Max Mhz: 2400, Current Mhz: 2400, Mhz Limit: 2400
Processor Information for processor 12
  Max Mhz: 2400, Current Mhz: 1800, Mhz Limit: 1800
Processor Information for processor 13
  Max Mhz: 2400, Current Mhz: 1800, Mhz Limit: 1800
Processor Information for processor 14
  Max Mhz: 2400, Current Mhz: 1800, Mhz Limit: 1800
Processor Information for processor 15
  Max Mhz: 2400, Current Mhz: 1800, Mhz Limit: 1800
Processor Information for processor 16
  Max Mhz: 2400, Current Mhz: 1800, Mhz Limit: 1800
Processor Information for processor 17
  Max Mhz: 2400, Current Mhz: 1800, Mhz Limit: 1800
Processor Information for processor 18
  Max Mhz: 2400, Current Mhz: 1800, Mhz Limit: 1800
Processor Information for processor 19
  Max Mhz: 2400, Current Mhz: 1800, Mhz Limit: 1800

Memory: 4k page, system-wide physical 16125M (979M free)
TotalPageFile size 19057M (AvailPageFile size 211M)
current process WorkingSet (physical memory assigned to process): 11M, peak: 11M
current process commit charge ("private bytes"): 75M, peak: 327M

vm_info: OpenJDK 64-Bit Server VM (17.0.10+0--11572160) for windows-amd64 JRE (17.0.10+0--11572160), built on Mar 13 2024 23:56:38 by "androidbuild" with MS VC++ 16.10 / 16.11 (VS2019)

END.
