#
# There is insufficient memory for the Java Runtime Environment to continue.
# Native memory allocation (malloc) failed to allocate 751536 bytes for Chunk::new
# Possible reasons:
#   The system is out of physical RAM or swap space
#   The process is running with CompressedOops enabled, and the Java Heap may be blocking the growth of the native heap
# Possible solutions:
#   Reduce memory load on the system
#   Increase physical memory or swap space
#   Check if swap backing store is full
#   Decrease Java heap size (-Xmx/-Xms)
#   Decrease number of Java threads
#   Decrease Java thread stack sizes (-Xss)
#   Set larger code cache with -XX:ReservedCodeCacheSize=
#   JVM is running with Unscaled Compressed Oops mode in which the Java heap is
#     placed in the first 4GB address space. The Java Heap base address is the
#     maximum limit for the native heap growth. Please use -XX:HeapBaseMinAddress
#     to set the Java Heap base and to place the Java Heap above 4GB virtual address.
# This output file may be truncated or incomplete.
#
#  Out of Memory Error (arena.cpp:191), pid=13804, tid=17352
#
# JRE version: OpenJDK Runtime Environment (17.0.10) (build 17.0.10+0--11572160)
# Java VM: OpenJDK 64-Bit Server VM (17.0.10+0--11572160, mixed mode, tiered, compressed oops, compressed class ptrs, g1 gc, windows-amd64)
# No core dump will be written. Minidumps are not enabled by default on client versions of Windows
#

---------------  S U M M A R Y ------------

Command Line: --add-opens=java.base/java.util=ALL-UNNAMED --add-opens=java.base/java.lang=ALL-UNNAMED --add-opens=java.base/java.lang.invoke=ALL-UNNAMED --add-opens=java.prefs/java.util.prefs=ALL-UNNAMED --add-opens=java.base/java.nio.charset=ALL-UNNAMED --add-opens=java.base/java.net=ALL-UNNAMED --add-opens=java.base/java.util.concurrent.atomic=ALL-UNNAMED -Xmx2048m -Dfile.encoding=UTF-8 -Duser.country=US -Duser.language=en -Duser.variant -javaagent:D:\Android\.gradle\wrapper\dists\gradle-8.2-bin\bbg7u40eoinfdyxsxr3z4i7ta\gradle-8.2\lib\agents\gradle-instrumentation-agent-8.2.jar org.gradle.launcher.daemon.bootstrap.GradleDaemon 8.2

Host: 13th Gen Intel(R) Core(TM) i7-13700H, 20 cores, 15G,  Windows 11 , 64 bit Build 22621 (10.0.22621.3527)
Time: Sat Jun  8 08:33:56 2024 India Standard Time elapsed time: 32.455278 seconds (0d 0h 0m 32s)

---------------  T H R E A D  ---------------

Current thread (0x000001d56f202db0):  JavaThread "C2 CompilerThread1" daemon [_thread_in_native, id=17352, stack(0x000000c129d00000,0x000000c129e00000)]


Current CompileTask:
C2:  32455 15980       4       org.gradle.internal.service.DefaultServiceRegistry$OwnServices::getService (309 bytes)

Stack: [0x000000c129d00000,0x000000c129e00000]
Native frames: (J=compiled Java code, j=interpreted, Vv=VM code, C=native code)
V  [jvm.dll+0x688e89]
V  [jvm.dll+0x84247a]
V  [jvm.dll+0x8440be]
V  [jvm.dll+0x844723]
V  [jvm.dll+0x24be0f]
V  [jvm.dll+0xac524]
V  [jvm.dll+0xacb6c]
V  [jvm.dll+0x36bd67]
V  [jvm.dll+0x33615a]
V  [jvm.dll+0x3355fa]
V  [jvm.dll+0x21daa1]
V  [jvm.dll+0x21cec1]
V  [jvm.dll+0x1a60ad]
V  [jvm.dll+0x22cd78]
V  [jvm.dll+0x22aeb0]
V  [jvm.dll+0x7f6917]
V  [jvm.dll+0x7f0d1a]
V  [jvm.dll+0x687d05]
C  [ucrtbase.dll+0x29333]
C  [KERNEL32.DLL+0x1257d]
C  [ntdll.dll+0x5aa48]


---------------  P R O C E S S  ---------------

Threads class SMR info:
_java_thread_list=0x000001d56cee9010, length=59, elements={
0x000001d54840aa60, 0x000001d5632aaeb0, 0x000001d5632abd30, 0x000001d56339e050,
0x000001d56339f930, 0x000001d5633a0300, 0x000001d5633a2cd0, 0x000001d5633a3a70,
0x000001d5633a4520, 0x000001d5633a6f30, 0x000001d5632584e0, 0x000001d5680130d0,
0x000001d569e2c160, 0x000001d569a9e860, 0x000001d5693d57c0, 0x000001d5693272f0,
0x000001d5698b5490, 0x000001d568f31d90, 0x000001d568f31880, 0x000001d56a9b0e70,
0x000001d56a9b2cd0, 0x000001d56a9aeb00, 0x000001d56a9b0960, 0x000001d56a9af520,
0x000001d56a9afa30, 0x000001d56a9b1890, 0x000001d56a9b27c0, 0x000001d56a9b4110,
0x000001d56a9b22b0, 0x000001d56a9b0450, 0x000001d56a9b4b30, 0x000001d56e3a5240,
0x000001d56e3a2ed0, 0x000001d56e39f210, 0x000001d56e39f720, 0x000001d56e3a1070,
0x000001d56e3a33e0, 0x000001d56e3a1a90, 0x000001d56e3a38f0, 0x000001d56cdc0e70,
0x000001d56cdc1380, 0x000001d56cdbff40, 0x000001d56cdbfa30, 0x000001d56cdba420,
0x000001d56cdbf520, 0x000001d56cdbb350, 0x000001d56cdbdbd0, 0x000001d56ca07c30,
0x000001d56c078a70, 0x000001d56c077b40, 0x000001d56c079490, 0x000001d56c07b2f0,
0x000001d56c078f80, 0x000001d56f202db0, 0x000001d56f204d90, 0x000001d56c0799a0,
0x000001d56c078560, 0x000001d56c079eb0, 0x000001d56c075ce0
}

Java Threads: ( => current thread )
  0x000001d54840aa60 JavaThread "main" [_thread_blocked, id=5728, stack(0x000000c127800000,0x000000c127900000)]
  0x000001d5632aaeb0 JavaThread "Reference Handler" daemon [_thread_blocked, id=16408, stack(0x000000c127f00000,0x000000c128000000)]
  0x000001d5632abd30 JavaThread "Finalizer" daemon [_thread_blocked, id=15468, stack(0x000000c128000000,0x000000c128100000)]
  0x000001d56339e050 JavaThread "Signal Dispatcher" daemon [_thread_blocked, id=6556, stack(0x000000c128100000,0x000000c128200000)]
  0x000001d56339f930 JavaThread "Attach Listener" daemon [_thread_blocked, id=11596, stack(0x000000c128200000,0x000000c128300000)]
  0x000001d5633a0300 JavaThread "Service Thread" daemon [_thread_blocked, id=16180, stack(0x000000c128300000,0x000000c128400000)]
  0x000001d5633a2cd0 JavaThread "Monitor Deflation Thread" daemon [_thread_blocked, id=18804, stack(0x000000c128400000,0x000000c128500000)]
  0x000001d5633a3a70 JavaThread "C2 CompilerThread0" daemon [_thread_in_native, id=16716, stack(0x000000c128500000,0x000000c128600000)]
  0x000001d5633a4520 JavaThread "C1 CompilerThread0" daemon [_thread_blocked, id=18296, stack(0x000000c128600000,0x000000c128700000)]
  0x000001d5633a6f30 JavaThread "Sweeper thread" daemon [_thread_blocked, id=7460, stack(0x000000c128700000,0x000000c128800000)]
  0x000001d5632584e0 JavaThread "Common-Cleaner" daemon [_thread_blocked, id=3228, stack(0x000000c128800000,0x000000c128900000)]
  0x000001d5680130d0 JavaThread "Notification Thread" daemon [_thread_blocked, id=19056, stack(0x000000c128c00000,0x000000c128d00000)]
  0x000001d569e2c160 JavaThread "Daemon health stats" [_thread_blocked, id=4880, stack(0x000000c129600000,0x000000c129700000)]
  0x000001d569a9e860 JavaThread "Incoming local TCP Connector on port 51256" [_thread_in_native, id=9996, stack(0x000000c129700000,0x000000c129800000)]
  0x000001d5693d57c0 JavaThread "Daemon periodic checks" [_thread_blocked, id=6700, stack(0x000000c129800000,0x000000c129900000)]
  0x000001d5693272f0 JavaThread "Daemon" [_thread_blocked, id=6924, stack(0x000000c129900000,0x000000c129a00000)]
  0x000001d5698b5490 JavaThread "Daemon worker" [_thread_in_native, id=5760, stack(0x000000c129c00000,0x000000c129d00000)]
  0x000001d568f31d90 JavaThread "Cache worker for journal cache (D:\Android\.gradle\caches\journal-1)" [_thread_blocked, id=12108, stack(0x000000c12ac00000,0x000000c12ad00000)]
  0x000001d568f31880 JavaThread "File lock request listener" [_thread_in_native, id=15460, stack(0x000000c12ad00000,0x000000c12ae00000)]
  0x000001d56a9b0e70 JavaThread "Cache worker for file hash cache (D:\Android\.gradle\caches\8.2\fileHashes)" [_thread_blocked, id=8744, stack(0x000000c12ae00000,0x000000c12af00000)]
  0x000001d56a9b2cd0 JavaThread "File watcher server" daemon [_thread_in_native, id=11784, stack(0x000000c129000000,0x000000c129100000)]
  0x000001d56a9aeb00 JavaThread "File watcher consumer" daemon [_thread_blocked, id=18032, stack(0x000000c12af00000,0x000000c12b000000)]
  0x000001d56a9b0960 JavaThread "Cache worker for file content cache (D:\Android\.gradle\caches\8.2\fileContent)" [_thread_blocked, id=17292, stack(0x000000c12b200000,0x000000c12b300000)]
  0x000001d56a9af520 JavaThread "Cache worker for execution history cache (D:\Android\.gradle\caches\8.2\executionHistory)" [_thread_blocked, id=4932, stack(0x000000c12b400000,0x000000c12b500000)]
  0x000001d56a9afa30 JavaThread "Cache worker for kotlin-dsl (D:\Android\.gradle\caches\8.2\kotlin-dsl)" [_thread_blocked, id=17900, stack(0x000000c12b700000,0x000000c12b800000)]
  0x000001d56a9b1890 JavaThread "jar transforms" [_thread_blocked, id=16080, stack(0x000000c12bb00000,0x000000c12bc00000)]
  0x000001d56a9b27c0 JavaThread "jar transforms Thread 2" [_thread_blocked, id=7488, stack(0x000000c12bc00000,0x000000c12bd00000)]
  0x000001d56a9b4110 JavaThread "jar transforms Thread 3" [_thread_blocked, id=18608, stack(0x000000c12bd00000,0x000000c12be00000)]
  0x000001d56a9b22b0 JavaThread "jar transforms Thread 4" [_thread_blocked, id=17248, stack(0x000000c12be00000,0x000000c12bf00000)]
  0x000001d56a9b0450 JavaThread "jar transforms Thread 5" [_thread_blocked, id=6128, stack(0x000000c12b900000,0x000000c12ba00000)]
  0x000001d56a9b4b30 JavaThread "jar transforms Thread 6" [_thread_blocked, id=14560, stack(0x000000c12ba00000,0x000000c12bb00000)]
  0x000001d56e3a5240 JavaThread "jar transforms Thread 7" [_thread_blocked, id=11608, stack(0x000000c12d300000,0x000000c12d400000)]
  0x000001d56e3a2ed0 JavaThread "jar transforms Thread 8" [_thread_blocked, id=3848, stack(0x000000c12d400000,0x000000c12d500000)]
  0x000001d56e39f210 JavaThread "jar transforms Thread 9" [_thread_blocked, id=15036, stack(0x000000c12d500000,0x000000c12d600000)]
  0x000001d56e39f720 JavaThread "jar transforms Thread 10" [_thread_blocked, id=11048, stack(0x000000c12d600000,0x000000c12d700000)]
  0x000001d56e3a1070 JavaThread "jar transforms Thread 11" [_thread_blocked, id=14300, stack(0x000000c12d700000,0x000000c12d800000)]
  0x000001d56e3a33e0 JavaThread "jar transforms Thread 12" [_thread_blocked, id=17684, stack(0x000000c12d800000,0x000000c12d900000)]
  0x000001d56e3a1a90 JavaThread "jar transforms Thread 13" [_thread_blocked, id=18820, stack(0x000000c12d900000,0x000000c12da00000)]
  0x000001d56e3a38f0 JavaThread "jar transforms Thread 14" [_thread_blocked, id=18832, stack(0x000000c12da00000,0x000000c12db00000)]
  0x000001d56cdc0e70 JavaThread "jar transforms Thread 15" [_thread_blocked, id=18844, stack(0x000000c12db00000,0x000000c12dc00000)]
  0x000001d56cdc1380 JavaThread "jar transforms Thread 16" [_thread_blocked, id=18836, stack(0x000000c12dc00000,0x000000c12dd00000)]
  0x000001d56cdbff40 JavaThread "jar transforms Thread 17" [_thread_blocked, id=18840, stack(0x000000c12dd00000,0x000000c12de00000)]
  0x000001d56cdbfa30 JavaThread "jar transforms Thread 18" [_thread_blocked, id=18852, stack(0x000000c12de00000,0x000000c12df00000)]
  0x000001d56cdba420 JavaThread "jar transforms Thread 19" [_thread_blocked, id=18856, stack(0x000000c12df00000,0x000000c12e000000)]
  0x000001d56cdbf520 JavaThread "jar transforms Thread 20" [_thread_blocked, id=18812, stack(0x000000c12e000000,0x000000c12e100000)]
  0x000001d56cdbb350 JavaThread "Memory manager" [_thread_blocked, id=19332, stack(0x000000c12e200000,0x000000c12e300000)]
  0x000001d56cdbdbd0 JavaThread "pool-3-thread-1" [_thread_blocked, id=7120, stack(0x000000c12e800000,0x000000c12e900000)]
  0x000001d56ca07c30 JavaThread "included builds" [_thread_blocked, id=17280, stack(0x000000c12ea00000,0x000000c12eb00000)]
  0x000001d56c078a70 JavaThread "Handler for socket connection from /127.0.0.1:51256 to /127.0.0.1:51323" [_thread_in_native, id=8092, stack(0x000000c128b00000,0x000000c128c00000)]
  0x000001d56c077b40 JavaThread "Cancel handler" [_thread_blocked, id=7988, stack(0x000000c128e00000,0x000000c128f00000)]
  0x000001d56c079490 JavaThread "Asynchronous log dispatcher for DefaultDaemonConnection: socket connection from /127.0.0.1:51256 to /127.0.0.1:51323" [_thread_blocked, id=9468, stack(0x000000c128f00000,0x000000c129000000)]
  0x000001d56c07b2f0 JavaThread "Stdin handler" [_thread_blocked, id=17804, stack(0x000000c129a00000,0x000000c129b00000)]
  0x000001d56c078f80 JavaThread "Daemon client event forwarder" [_thread_blocked, id=396, stack(0x000000c129b00000,0x000000c129c00000)]
=>0x000001d56f202db0 JavaThread "C2 CompilerThread1" daemon [_thread_in_native, id=17352, stack(0x000000c129d00000,0x000000c129e00000)]
  0x000001d56f204d90 JavaThread "C2 CompilerThread2" daemon [_thread_in_native, id=18348, stack(0x000000c129e00000,0x000000c129f00000)]
  0x000001d56c0799a0 JavaThread "Cache worker for checksums cache (D:\Programming\Android\SecuriKey\.gradle\8.2\checksums)" [_thread_blocked, id=4924, stack(0x000000c129f00000,0x000000c12a000000)]
  0x000001d56c078560 JavaThread "Cache worker for cache directory md-rule (D:\Android\.gradle\caches\8.2\md-rule)" [_thread_blocked, id=18912, stack(0x000000c12b000000,0x000000c12b100000)]
  0x000001d56c079eb0 JavaThread "Cache worker for file hash cache (D:\Programming\Android\SecuriKey\.gradle\8.2\fileHashes)" [_thread_blocked, id=3472, stack(0x000000c12b100000,0x000000c12b200000)]
  0x000001d56c075ce0 JavaThread "Cache worker for cache directory md-supplier (D:\Android\.gradle\caches\8.2\md-supplier)" [_thread_blocked, id=1524, stack(0x000000c12b300000,0x000000c12b400000)]

Other Threads:
  0x000001d5632a9710 VMThread "VM Thread" [stack: 0x000000c127e00000,0x000000c127f00000] [id=13596]
  0x000001d54840b6f0 WatcherThread [stack: 0x000000c128d00000,0x000000c128e00000] [id=1148]
  0x000001d548468ee0 GCTaskThread "GC Thread#0" [stack: 0x000000c127900000,0x000000c127a00000] [id=8016]
  0x000001d568c3b7e0 GCTaskThread "GC Thread#1" [stack: 0x000000c129100000,0x000000c129200000] [id=17732]
  0x000001d569168190 GCTaskThread "GC Thread#2" [stack: 0x000000c129200000,0x000000c129300000] [id=13344]
  0x000001d569168450 GCTaskThread "GC Thread#3" [stack: 0x000000c129300000,0x000000c129400000] [id=3748]
  0x000001d569168710 GCTaskThread "GC Thread#4" [stack: 0x000000c129400000,0x000000c129500000] [id=16228]
  0x000001d5691689d0 GCTaskThread "GC Thread#5" [stack: 0x000000c129500000,0x000000c129600000] [id=896]
  0x000001d5692d0c80 GCTaskThread "GC Thread#6" [stack: 0x000000c12a000000,0x000000c12a100000] [id=14128]
  0x000001d569a9a460 GCTaskThread "GC Thread#7" [stack: 0x000000c12a100000,0x000000c12a200000] [id=12740]
  0x000001d56a475440 GCTaskThread "GC Thread#8" [stack: 0x000000c12a200000,0x000000c12a300000] [id=9352]
  0x000001d56a30cc50 GCTaskThread "GC Thread#9" [stack: 0x000000c12a300000,0x000000c12a400000] [id=7076]
  0x000001d56a3117d0 GCTaskThread "GC Thread#10" [stack: 0x000000c12a400000,0x000000c12a500000] [id=16296]
  0x000001d569cddc60 GCTaskThread "GC Thread#11" [stack: 0x000000c12a500000,0x000000c12a600000] [id=5640]
  0x000001d569ac6700 GCTaskThread "GC Thread#12" [stack: 0x000000c12a600000,0x000000c12a700000] [id=11744]
  0x000001d569ac6180 GCTaskThread "GC Thread#13" [stack: 0x000000c12a700000,0x000000c12a800000] [id=5864]
  0x000001d569ac6440 GCTaskThread "GC Thread#14" [stack: 0x000000c12a800000,0x000000c12a900000] [id=16188]
  0x000001d548479e30 ConcurrentGCThread "G1 Main Marker" [stack: 0x000000c127a00000,0x000000c127b00000] [id=4012]
  0x000001d54847a850 ConcurrentGCThread "G1 Conc#0" [stack: 0x000000c127b00000,0x000000c127c00000] [id=4300]
  0x000001d569ac6f40 ConcurrentGCThread "G1 Conc#1" [stack: 0x000000c12a900000,0x000000c12aa00000] [id=7736]
  0x000001d569ac7d00 ConcurrentGCThread "G1 Conc#2" [stack: 0x000000c12aa00000,0x000000c12ab00000] [id=19156]
  0x000001d569ac69c0 ConcurrentGCThread "G1 Conc#3" [stack: 0x000000c12ab00000,0x000000c12ac00000] [id=6380]
  0x000001d5631a2450 ConcurrentGCThread "G1 Refine#0" [stack: 0x000000c127c00000,0x000000c127d00000] [id=16836]
  0x000001d56ac6deb0 ConcurrentGCThread "G1 Refine#1" [stack: 0x000000c12e400000,0x000000c12e500000] [id=18108]
  0x000001d56cf4a9e0 ConcurrentGCThread "G1 Refine#2" [stack: 0x000000c13b800000,0x000000c13b900000] [id=16624]
  0x000001d56c5f4dd0 ConcurrentGCThread "G1 Refine#3" [stack: 0x000000c13b900000,0x000000c13ba00000] [id=3796]
  0x000001d56cf49e20 ConcurrentGCThread "G1 Refine#4" [stack: 0x000000c13ba00000,0x000000c13bb00000] [id=9392]
  0x000001d5633e55d0 ConcurrentGCThread "G1 Refine#5" [stack: 0x000000c13bc00000,0x000000c13bd00000] [id=16900]
  0x000001d5631a2c90 ConcurrentGCThread "G1 Service" [stack: 0x000000c127d00000,0x000000c127e00000] [id=12192]

Threads with active compile tasks:
C2 CompilerThread0    32472 15989   !   4       org.gradle.internal.service.DefaultServiceRegistry$ManagedObjectServiceProvider::getInstance (47 bytes)
C2 CompilerThread1    32473 15980       4       org.gradle.internal.service.DefaultServiceRegistry$OwnServices::getService (309 bytes)
C2 CompilerThread2    32473 15988       4       org.gradle.internal.service.DefaultServiceRegistry$SingletonService::get (5 bytes)

VM state: not at safepoint (normal execution)

VM Mutex/Monitor currently owned by a thread:  ([mutex/lock_event])
[0x000001d548405420] MethodData_lock - owner thread: 0x0000000000000000

Heap address: 0x0000000080000000, size: 2048 MB, Compressed Oops mode: 32-bit

CDS archive(s) not mapped
Compressed class space mapped at: 0x0000000100000000-0x0000000140000000, reserved size: 1073741824
Narrow klass base: 0x0000000000000000, Narrow klass shift: 3, Narrow klass range: 0x140000000

GC Precious Log:
 CPUs: 20 total, 20 available
 Memory: 16125M
 Large Page Support: Disabled
 NUMA Support: Disabled
 Compressed Oops: Enabled (32-bit)
 Heap Region Size: 1M
 Heap Min Capacity: 8M
 Heap Initial Capacity: 252M
 Heap Max Capacity: 2G
 Pre-touch: Disabled
 Parallel Workers: 15
 Concurrent Workers: 4
 Concurrent Refinement Workers: 15
 Periodic GC: Disabled

Heap:
 garbage-first heap   total 240640K, used 163036K [0x0000000080000000, 0x0000000100000000)
  region size 1024K, 16 young (16384K), 2 survivors (2048K)
 Metaspace       used 118508K, committed 119360K, reserved 1179648K
  class space    used 16005K, committed 16448K, reserved 1048576K

Heap Regions: E=young(eden), S=young(survivor), O=old, HS=humongous(starts), HC=humongous(continues), CS=collection set, F=free, OA=open archive, CA=closed archive, TAMS=top-at-mark-start (previous, next)
|   0|0x0000000080000000, 0x0000000080100000, 0x0000000080100000|100%|HS|  |TAMS 0x0000000080100000, 0x0000000080000000| Complete 
|   1|0x0000000080100000, 0x0000000080200000, 0x0000000080200000|100%|HC|  |TAMS 0x0000000080200000, 0x0000000080100000| Complete 
|   2|0x0000000080200000, 0x0000000080300000, 0x0000000080300000|100%|HC|  |TAMS 0x0000000080300000, 0x0000000080200000| Complete 
|   3|0x0000000080300000, 0x0000000080400000, 0x0000000080400000|100%|HC|  |TAMS 0x0000000080400000, 0x0000000080300000| Complete 
|   4|0x0000000080400000, 0x0000000080500000, 0x0000000080500000|100%| O|  |TAMS 0x0000000080500000, 0x0000000080400000| Untracked 
|   5|0x0000000080500000, 0x0000000080600000, 0x0000000080600000|100%| O|  |TAMS 0x0000000080600000, 0x0000000080500000| Untracked 
|   6|0x0000000080600000, 0x0000000080700000, 0x0000000080700000|100%| O|  |TAMS 0x0000000080700000, 0x0000000080600000| Untracked 
|   7|0x0000000080700000, 0x0000000080800000, 0x0000000080800000|100%| O|  |TAMS 0x0000000080800000, 0x0000000080700000| Untracked 
|   8|0x0000000080800000, 0x0000000080900000, 0x0000000080900000|100%| O|  |TAMS 0x0000000080900000, 0x0000000080800000| Untracked 
|   9|0x0000000080900000, 0x0000000080a00000, 0x0000000080a00000|100%| O|  |TAMS 0x0000000080a00000, 0x0000000080900000| Untracked 
|  10|0x0000000080a00000, 0x0000000080b00000, 0x0000000080b00000|100%|HS|  |TAMS 0x0000000080b00000, 0x0000000080a00000| Complete 
|  11|0x0000000080b00000, 0x0000000080c00000, 0x0000000080c00000|100%| O|  |TAMS 0x0000000080c00000, 0x0000000080b00000| Untracked 
|  12|0x0000000080c00000, 0x0000000080d00000, 0x0000000080d00000|100%| O|  |TAMS 0x0000000080d00000, 0x0000000080c00000| Untracked 
|  13|0x0000000080d00000, 0x0000000080e00000, 0x0000000080e00000|100%| O|  |TAMS 0x0000000080e00000, 0x0000000080d00000| Untracked 
|  14|0x0000000080e00000, 0x0000000080f00000, 0x0000000080f00000|100%| O|  |TAMS 0x0000000080f00000, 0x0000000080e00000| Untracked 
|  15|0x0000000080f00000, 0x0000000081000000, 0x0000000081000000|100%| O|  |TAMS 0x0000000081000000, 0x0000000080f00000| Untracked 
|  16|0x0000000081000000, 0x0000000081100000, 0x0000000081100000|100%| O|  |TAMS 0x0000000081100000, 0x0000000081000000| Untracked 
|  17|0x0000000081100000, 0x0000000081200000, 0x0000000081200000|100%| O|  |TAMS 0x0000000081200000, 0x0000000081100000| Untracked 
|  18|0x0000000081200000, 0x0000000081300000, 0x0000000081300000|100%| O|  |TAMS 0x0000000081300000, 0x0000000081200000| Untracked 
|  19|0x0000000081300000, 0x0000000081400000, 0x0000000081400000|100%| O|  |TAMS 0x0000000081400000, 0x0000000081300000| Untracked 
|  20|0x0000000081400000, 0x0000000081500000, 0x0000000081500000|100%| O|  |TAMS 0x0000000081500000, 0x0000000081400000| Untracked 
|  21|0x0000000081500000, 0x0000000081600000, 0x0000000081600000|100%| O|  |TAMS 0x0000000081600000, 0x0000000081500000| Untracked 
|  22|0x0000000081600000, 0x0000000081700000, 0x0000000081700000|100%| O|  |TAMS 0x0000000081700000, 0x0000000081600000| Untracked 
|  23|0x0000000081700000, 0x0000000081800000, 0x0000000081800000|100%| O|  |TAMS 0x0000000081800000, 0x0000000081700000| Untracked 
|  24|0x0000000081800000, 0x0000000081900000, 0x0000000081900000|100%| O|  |TAMS 0x0000000081900000, 0x0000000081800000| Untracked 
|  25|0x0000000081900000, 0x0000000081a00000, 0x0000000081a00000|100%| O|  |TAMS 0x0000000081a00000, 0x0000000081900000| Untracked 
|  26|0x0000000081a00000, 0x0000000081b00000, 0x0000000081b00000|100%| O|  |TAMS 0x0000000081b00000, 0x0000000081a00000| Untracked 
|  27|0x0000000081b00000, 0x0000000081c00000, 0x0000000081c00000|100%| O|  |TAMS 0x0000000081c00000, 0x0000000081b00000| Untracked 
|  28|0x0000000081c00000, 0x0000000081d00000, 0x0000000081d00000|100%| O|  |TAMS 0x0000000081d00000, 0x0000000081c00000| Untracked 
|  29|0x0000000081d00000, 0x0000000081e00000, 0x0000000081e00000|100%| O|  |TAMS 0x0000000081e00000, 0x0000000081d00000| Untracked 
|  30|0x0000000081e00000, 0x0000000081f00000, 0x0000000081f00000|100%| O|  |TAMS 0x0000000081f00000, 0x0000000081e00000| Untracked 
|  31|0x0000000081f00000, 0x0000000082000000, 0x0000000082000000|100%| O|  |TAMS 0x0000000082000000, 0x0000000081f00000| Untracked 
|  32|0x0000000082000000, 0x0000000082100000, 0x0000000082100000|100%| O|  |TAMS 0x0000000082100000, 0x0000000082000000| Untracked 
|  33|0x0000000082100000, 0x0000000082200000, 0x0000000082200000|100%| O|  |TAMS 0x0000000082200000, 0x0000000082100000| Untracked 
|  34|0x0000000082200000, 0x0000000082300000, 0x0000000082300000|100%| O|  |TAMS 0x0000000082300000, 0x0000000082200000| Untracked 
|  35|0x0000000082300000, 0x0000000082400000, 0x0000000082400000|100%| O|  |TAMS 0x0000000082400000, 0x0000000082300000| Untracked 
|  36|0x0000000082400000, 0x0000000082500000, 0x0000000082500000|100%| O|  |TAMS 0x0000000082500000, 0x0000000082400000| Untracked 
|  37|0x0000000082500000, 0x0000000082600000, 0x0000000082600000|100%| O|  |TAMS 0x0000000082500000, 0x0000000082500000| Untracked 
|  38|0x0000000082600000, 0x0000000082700000, 0x0000000082700000|100%| O|  |TAMS 0x0000000082700000, 0x0000000082600000| Untracked 
|  39|0x0000000082700000, 0x0000000082800000, 0x0000000082800000|100%| O|  |TAMS 0x0000000082800000, 0x0000000082700000| Untracked 
|  40|0x0000000082800000, 0x0000000082900000, 0x0000000082900000|100%| O|  |TAMS 0x0000000082900000, 0x0000000082800000| Untracked 
|  41|0x0000000082900000, 0x0000000082a00000, 0x0000000082a00000|100%|HS|  |TAMS 0x0000000082a00000, 0x0000000082900000| Complete 
|  42|0x0000000082a00000, 0x0000000082b00000, 0x0000000082b00000|100%|HS|  |TAMS 0x0000000082b00000, 0x0000000082a00000| Complete 
|  43|0x0000000082b00000, 0x0000000082c00000, 0x0000000082c00000|100%|HS|  |TAMS 0x0000000082c00000, 0x0000000082b00000| Complete 
|  44|0x0000000082c00000, 0x0000000082d00000, 0x0000000082d00000|100%| O|  |TAMS 0x0000000082d00000, 0x0000000082c00000| Untracked 
|  45|0x0000000082d00000, 0x0000000082e00000, 0x0000000082e00000|100%| O|  |TAMS 0x0000000082e00000, 0x0000000082d00000| Untracked 
|  46|0x0000000082e00000, 0x0000000082f00000, 0x0000000082f00000|100%|HS|  |TAMS 0x0000000082f00000, 0x0000000082e00000| Complete 
|  47|0x0000000082f00000, 0x0000000083000000, 0x0000000083000000|100%|HC|  |TAMS 0x0000000083000000, 0x0000000082f00000| Complete 
|  48|0x0000000083000000, 0x0000000083100000, 0x0000000083100000|100%|HS|  |TAMS 0x0000000083100000, 0x0000000083000000| Complete 
|  49|0x0000000083100000, 0x0000000083200000, 0x0000000083200000|100%|HC|  |TAMS 0x0000000083200000, 0x0000000083100000| Complete 
|  50|0x0000000083200000, 0x0000000083300000, 0x0000000083300000|100%|HS|  |TAMS 0x0000000083300000, 0x0000000083200000| Complete 
|  51|0x0000000083300000, 0x0000000083400000, 0x0000000083400000|100%|HC|  |TAMS 0x0000000083400000, 0x0000000083300000| Complete 
|  52|0x0000000083400000, 0x0000000083500000, 0x0000000083500000|100%|HC|  |TAMS 0x0000000083500000, 0x0000000083400000| Complete 
|  53|0x0000000083500000, 0x0000000083600000, 0x0000000083600000|100%|HC|  |TAMS 0x0000000083600000, 0x0000000083500000| Complete 
|  54|0x0000000083600000, 0x0000000083700000, 0x0000000083700000|100%| O|  |TAMS 0x0000000083700000, 0x0000000083600000| Untracked 
|  55|0x0000000083700000, 0x0000000083800000, 0x0000000083800000|100%|HS|  |TAMS 0x0000000083800000, 0x0000000083700000| Complete 
|  56|0x0000000083800000, 0x0000000083900000, 0x0000000083900000|100%| O|  |TAMS 0x0000000083800000, 0x0000000083800000| Untracked 
|  57|0x0000000083900000, 0x0000000083a00000, 0x0000000083a00000|100%| O|  |TAMS 0x0000000083a00000, 0x0000000083900000| Untracked 
|  58|0x0000000083a00000, 0x0000000083b00000, 0x0000000083b00000|100%| O|  |TAMS 0x0000000083b00000, 0x0000000083a00000| Untracked 
|  59|0x0000000083b00000, 0x0000000083c00000, 0x0000000083c00000|100%| O|  |TAMS 0x0000000083c00000, 0x0000000083b00000| Untracked 
|  60|0x0000000083c00000, 0x0000000083d00000, 0x0000000083d00000|100%| O|  |TAMS 0x0000000083d00000, 0x0000000083c00000| Untracked 
|  61|0x0000000083d00000, 0x0000000083e00000, 0x0000000083e00000|100%| O|  |TAMS 0x0000000083e00000, 0x0000000083d00000| Untracked 
|  62|0x0000000083e00000, 0x0000000083f00000, 0x0000000083f00000|100%| O|  |TAMS 0x0000000083f00000, 0x0000000083e00000| Untracked 
|  63|0x0000000083f00000, 0x0000000084000000, 0x0000000084000000|100%| O|  |TAMS 0x0000000083f1ca00, 0x0000000083f00000| Untracked 
|  64|0x0000000084000000, 0x0000000084100000, 0x0000000084100000|100%| O|  |TAMS 0x0000000084000000, 0x0000000084000000| Untracked 
|  65|0x0000000084100000, 0x0000000084200000, 0x0000000084200000|100%| O|  |TAMS 0x0000000084100000, 0x0000000084100000| Untracked 
|  66|0x0000000084200000, 0x0000000084300000, 0x0000000084300000|100%| O|  |TAMS 0x0000000084200000, 0x0000000084200000| Untracked 
|  67|0x0000000084300000, 0x0000000084400000, 0x0000000084400000|100%| O|  |TAMS 0x0000000084300000, 0x0000000084300000| Untracked 
|  68|0x0000000084400000, 0x0000000084500000, 0x0000000084500000|100%| O|  |TAMS 0x0000000084400000, 0x0000000084400000| Untracked 
|  69|0x0000000084500000, 0x0000000084600000, 0x0000000084600000|100%| O|  |TAMS 0x0000000084500000, 0x0000000084500000| Untracked 
|  70|0x0000000084600000, 0x0000000084700000, 0x0000000084700000|100%| O|  |TAMS 0x0000000084600000, 0x0000000084600000| Untracked 
|  71|0x0000000084700000, 0x0000000084800000, 0x0000000084800000|100%|HS|  |TAMS 0x0000000084700000, 0x0000000084700000| Complete 
|  72|0x0000000084800000, 0x0000000084900000, 0x0000000084900000|100%|HC|  |TAMS 0x0000000084800000, 0x0000000084800000| Complete 
|  73|0x0000000084900000, 0x0000000084a00000, 0x0000000084a00000|100%|HC|  |TAMS 0x0000000084900000, 0x0000000084900000| Complete 
|  74|0x0000000084a00000, 0x0000000084b00000, 0x0000000084b00000|100%|HC|  |TAMS 0x0000000084a00000, 0x0000000084a00000| Complete 
|  75|0x0000000084b00000, 0x0000000084c00000, 0x0000000084c00000|100%| O|  |TAMS 0x0000000084b00000, 0x0000000084b00000| Untracked 
|  76|0x0000000084c00000, 0x0000000084d00000, 0x0000000084d00000|100%| O|  |TAMS 0x0000000084c00000, 0x0000000084c00000| Untracked 
|  77|0x0000000084d00000, 0x0000000084e00000, 0x0000000084e00000|100%| O|  |TAMS 0x0000000084d00000, 0x0000000084d00000| Untracked 
|  78|0x0000000084e00000, 0x0000000084f00000, 0x0000000084f00000|100%| O|  |TAMS 0x0000000084e00000, 0x0000000084e00000| Untracked 
|  79|0x0000000084f00000, 0x0000000085000000, 0x0000000085000000|100%| O|  |TAMS 0x0000000084f00000, 0x0000000084f00000| Untracked 
|  80|0x0000000085000000, 0x0000000085100000, 0x0000000085100000|100%| O|  |TAMS 0x0000000085000000, 0x0000000085000000| Untracked 
|  81|0x0000000085100000, 0x0000000085200000, 0x0000000085200000|100%| O|  |TAMS 0x0000000085100000, 0x0000000085100000| Untracked 
|  82|0x0000000085200000, 0x0000000085300000, 0x0000000085300000|100%| O|  |TAMS 0x0000000085200000, 0x0000000085200000| Untracked 
|  83|0x0000000085300000, 0x0000000085400000, 0x0000000085400000|100%| O|  |TAMS 0x0000000085300000, 0x0000000085300000| Untracked 
|  84|0x0000000085400000, 0x0000000085500000, 0x0000000085500000|100%| O|  |TAMS 0x0000000085400000, 0x0000000085400000| Untracked 
|  85|0x0000000085500000, 0x0000000085600000, 0x0000000085600000|100%| O|  |TAMS 0x0000000085500000, 0x0000000085500000| Untracked 
|  86|0x0000000085600000, 0x0000000085700000, 0x0000000085700000|100%| O|  |TAMS 0x0000000085600000, 0x0000000085600000| Untracked 
|  87|0x0000000085700000, 0x0000000085800000, 0x0000000085800000|100%| O|  |TAMS 0x0000000085700000, 0x0000000085700000| Untracked 
|  88|0x0000000085800000, 0x0000000085900000, 0x0000000085900000|100%| O|  |TAMS 0x0000000085800000, 0x0000000085800000| Untracked 
|  89|0x0000000085900000, 0x0000000085a00000, 0x0000000085a00000|100%| O|  |TAMS 0x0000000085900000, 0x0000000085900000| Untracked 
|  90|0x0000000085a00000, 0x0000000085b00000, 0x0000000085b00000|100%| O|  |TAMS 0x0000000085a00000, 0x0000000085a00000| Untracked 
|  91|0x0000000085b00000, 0x0000000085c00000, 0x0000000085c00000|100%| O|  |TAMS 0x0000000085b00000, 0x0000000085b00000| Untracked 
|  92|0x0000000085c00000, 0x0000000085d00000, 0x0000000085d00000|100%| O|  |TAMS 0x0000000085c00000, 0x0000000085c00000| Untracked 
|  93|0x0000000085d00000, 0x0000000085e00000, 0x0000000085e00000|100%| O|  |TAMS 0x0000000085d00000, 0x0000000085d00000| Untracked 
|  94|0x0000000085e00000, 0x0000000085f00000, 0x0000000085f00000|100%| O|  |TAMS 0x0000000085e00000, 0x0000000085e00000| Untracked 
|  95|0x0000000085f00000, 0x0000000086000000, 0x0000000086000000|100%| O|  |TAMS 0x0000000085f00000, 0x0000000085f00000| Untracked 
|  96|0x0000000086000000, 0x0000000086100000, 0x0000000086100000|100%| O|  |TAMS 0x0000000086000000, 0x0000000086000000| Untracked 
|  97|0x0000000086100000, 0x0000000086200000, 0x0000000086200000|100%| O|  |TAMS 0x0000000086100000, 0x0000000086100000| Untracked 
|  98|0x0000000086200000, 0x0000000086300000, 0x0000000086300000|100%| O|  |TAMS 0x0000000086200000, 0x0000000086200000| Untracked 
|  99|0x0000000086300000, 0x0000000086400000, 0x0000000086400000|100%| O|  |TAMS 0x0000000086300000, 0x0000000086300000| Untracked 
| 100|0x0000000086400000, 0x0000000086500000, 0x0000000086500000|100%| O|  |TAMS 0x0000000086400000, 0x0000000086400000| Untracked 
| 101|0x0000000086500000, 0x0000000086600000, 0x0000000086600000|100%| O|  |TAMS 0x0000000086500000, 0x0000000086500000| Untracked 
| 102|0x0000000086600000, 0x0000000086700000, 0x0000000086700000|100%| O|  |TAMS 0x0000000086600000, 0x0000000086600000| Untracked 
| 103|0x0000000086700000, 0x0000000086800000, 0x0000000086800000|100%| O|  |TAMS 0x0000000086700000, 0x0000000086700000| Untracked 
| 104|0x0000000086800000, 0x0000000086900000, 0x0000000086900000|100%| O|  |TAMS 0x0000000086800000, 0x0000000086800000| Untracked 
| 105|0x0000000086900000, 0x0000000086a00000, 0x0000000086a00000|100%| O|  |TAMS 0x0000000086900000, 0x0000000086900000| Untracked 
| 106|0x0000000086a00000, 0x0000000086b00000, 0x0000000086b00000|100%| O|  |TAMS 0x0000000086a00000, 0x0000000086a00000| Untracked 
| 107|0x0000000086b00000, 0x0000000086c00000, 0x0000000086c00000|100%| O|  |TAMS 0x0000000086b00000, 0x0000000086b00000| Untracked 
| 108|0x0000000086c00000, 0x0000000086d00000, 0x0000000086d00000|100%| O|  |TAMS 0x0000000086c00000, 0x0000000086c00000| Untracked 
| 109|0x0000000086d00000, 0x0000000086e00000, 0x0000000086e00000|100%| O|  |TAMS 0x0000000086d00000, 0x0000000086d00000| Untracked 
| 110|0x0000000086e00000, 0x0000000086f00000, 0x0000000086f00000|100%| O|  |TAMS 0x0000000086e00000, 0x0000000086e00000| Untracked 
| 111|0x0000000086f00000, 0x0000000087000000, 0x0000000087000000|100%| O|  |TAMS 0x0000000086f00000, 0x0000000086f00000| Untracked 
| 112|0x0000000087000000, 0x0000000087100000, 0x0000000087100000|100%| O|  |TAMS 0x0000000087000000, 0x0000000087000000| Untracked 
| 113|0x0000000087100000, 0x0000000087200000, 0x0000000087200000|100%| O|  |TAMS 0x0000000087100000, 0x0000000087100000| Untracked 
| 114|0x0000000087200000, 0x0000000087300000, 0x0000000087300000|100%| O|  |TAMS 0x0000000087200000, 0x0000000087200000| Untracked 
| 115|0x0000000087300000, 0x0000000087400000, 0x0000000087400000|100%| O|  |TAMS 0x0000000087300000, 0x0000000087300000| Untracked 
| 116|0x0000000087400000, 0x0000000087500000, 0x0000000087500000|100%| O|  |TAMS 0x0000000087400000, 0x0000000087400000| Untracked 
| 117|0x0000000087500000, 0x0000000087600000, 0x0000000087600000|100%| O|  |TAMS 0x0000000087500000, 0x0000000087500000| Untracked 
| 118|0x0000000087600000, 0x0000000087700000, 0x0000000087700000|100%| O|  |TAMS 0x0000000087600000, 0x0000000087600000| Untracked 
| 119|0x0000000087700000, 0x0000000087800000, 0x0000000087800000|100%| O|  |TAMS 0x0000000087700000, 0x0000000087700000| Untracked 
| 120|0x0000000087800000, 0x0000000087900000, 0x0000000087900000|100%| O|  |TAMS 0x0000000087800000, 0x0000000087800000| Untracked 
| 121|0x0000000087900000, 0x0000000087a00000, 0x0000000087a00000|100%| O|  |TAMS 0x0000000087900000, 0x0000000087900000| Untracked 
| 122|0x0000000087a00000, 0x0000000087b00000, 0x0000000087b00000|100%| O|  |TAMS 0x0000000087a00000, 0x0000000087a00000| Untracked 
| 123|0x0000000087b00000, 0x0000000087c00000, 0x0000000087c00000|100%| O|  |TAMS 0x0000000087b00000, 0x0000000087b00000| Untracked 
| 124|0x0000000087c00000, 0x0000000087d00000, 0x0000000087d00000|100%| O|  |TAMS 0x0000000087c00000, 0x0000000087c00000| Untracked 
| 125|0x0000000087d00000, 0x0000000087e00000, 0x0000000087e00000|100%| O|  |TAMS 0x0000000087d00000, 0x0000000087d00000| Untracked 
| 126|0x0000000087e00000, 0x0000000087f00000, 0x0000000087f00000|100%| O|  |TAMS 0x0000000087e00000, 0x0000000087e00000| Untracked 
| 127|0x0000000087f00000, 0x0000000088000000, 0x0000000088000000|100%| O|  |TAMS 0x0000000087f00000, 0x0000000087f00000| Untracked 
| 128|0x0000000088000000, 0x0000000088100000, 0x0000000088100000|100%| O|  |TAMS 0x0000000088000000, 0x0000000088000000| Untracked 
| 129|0x0000000088100000, 0x0000000088200000, 0x0000000088200000|100%| O|  |TAMS 0x0000000088100000, 0x0000000088100000| Untracked 
| 130|0x0000000088200000, 0x0000000088300000, 0x0000000088300000|100%| O|  |TAMS 0x0000000088200000, 0x0000000088200000| Untracked 
| 131|0x0000000088300000, 0x0000000088400000, 0x0000000088400000|100%| O|  |TAMS 0x0000000088300000, 0x0000000088300000| Untracked 
| 132|0x0000000088400000, 0x0000000088500000, 0x0000000088500000|100%| O|  |TAMS 0x0000000088400000, 0x0000000088400000| Untracked 
| 133|0x0000000088500000, 0x0000000088600000, 0x0000000088600000|100%| O|  |TAMS 0x0000000088500000, 0x0000000088500000| Untracked 
| 134|0x0000000088600000, 0x0000000088700000, 0x0000000088700000|100%| O|  |TAMS 0x0000000088600000, 0x0000000088600000| Untracked 
| 135|0x0000000088700000, 0x0000000088800000, 0x0000000088800000|100%| O|  |TAMS 0x0000000088700000, 0x0000000088700000| Untracked 
| 136|0x0000000088800000, 0x0000000088900000, 0x0000000088900000|100%| O|  |TAMS 0x0000000088800000, 0x0000000088800000| Untracked 
| 137|0x0000000088900000, 0x0000000088a00000, 0x0000000088a00000|100%| O|  |TAMS 0x0000000088900000, 0x0000000088900000| Untracked 
| 138|0x0000000088a00000, 0x0000000088b00000, 0x0000000088b00000|100%| O|  |TAMS 0x0000000088a00000, 0x0000000088a00000| Untracked 
| 139|0x0000000088b00000, 0x0000000088c00000, 0x0000000088c00000|100%| O|  |TAMS 0x0000000088b00000, 0x0000000088b00000| Untracked 
| 140|0x0000000088c00000, 0x0000000088d00000, 0x0000000088d00000|100%| O|  |TAMS 0x0000000088c00000, 0x0000000088c00000| Untracked 
| 141|0x0000000088d00000, 0x0000000088e00000, 0x0000000088e00000|100%| O|  |TAMS 0x0000000088d00000, 0x0000000088d00000| Untracked 
| 142|0x0000000088e00000, 0x0000000088f00000, 0x0000000088f00000|100%| O|  |TAMS 0x0000000088e00000, 0x0000000088e00000| Untracked 
| 143|0x0000000088f00000, 0x0000000089000000, 0x0000000089000000|100%| O|  |TAMS 0x0000000088f00000, 0x0000000088f00000| Untracked 
| 144|0x0000000089000000, 0x0000000089100000, 0x0000000089100000|100%| O|  |TAMS 0x0000000089000000, 0x0000000089000000| Untracked 
| 145|0x0000000089100000, 0x0000000089157c00, 0x0000000089200000| 34%| O|  |TAMS 0x0000000089100000, 0x0000000089100000| Untracked 
| 146|0x0000000089200000, 0x0000000089200000, 0x0000000089300000|  0%| F|  |TAMS 0x0000000089200000, 0x0000000089200000| Untracked 
| 147|0x0000000089300000, 0x0000000089300000, 0x0000000089400000|  0%| F|  |TAMS 0x0000000089300000, 0x0000000089300000| Untracked 
| 148|0x0000000089400000, 0x0000000089400000, 0x0000000089500000|  0%| F|  |TAMS 0x0000000089400000, 0x0000000089400000| Untracked 
| 149|0x0000000089500000, 0x0000000089500000, 0x0000000089600000|  0%| F|  |TAMS 0x0000000089500000, 0x0000000089500000| Untracked 
| 150|0x0000000089600000, 0x0000000089600000, 0x0000000089700000|  0%| F|  |TAMS 0x0000000089600000, 0x0000000089600000| Untracked 
| 151|0x0000000089700000, 0x0000000089700000, 0x0000000089800000|  0%| F|  |TAMS 0x0000000089700000, 0x0000000089700000| Untracked 
| 152|0x0000000089800000, 0x0000000089800000, 0x0000000089900000|  0%| F|  |TAMS 0x0000000089800000, 0x0000000089800000| Untracked 
| 153|0x0000000089900000, 0x0000000089900000, 0x0000000089a00000|  0%| F|  |TAMS 0x0000000089900000, 0x0000000089900000| Untracked 
| 154|0x0000000089a00000, 0x0000000089a00000, 0x0000000089b00000|  0%| F|  |TAMS 0x0000000089a00000, 0x0000000089a00000| Untracked 
| 155|0x0000000089b00000, 0x0000000089b00000, 0x0000000089c00000|  0%| F|  |TAMS 0x0000000089b00000, 0x0000000089b00000| Untracked 
| 156|0x0000000089c00000, 0x0000000089c00000, 0x0000000089d00000|  0%| F|  |TAMS 0x0000000089c00000, 0x0000000089c00000| Untracked 
| 157|0x0000000089d00000, 0x0000000089d00000, 0x0000000089e00000|  0%| F|  |TAMS 0x0000000089d00000, 0x0000000089d00000| Untracked 
| 158|0x0000000089e00000, 0x0000000089e00000, 0x0000000089f00000|  0%| F|  |TAMS 0x0000000089e00000, 0x0000000089e00000| Untracked 
| 159|0x0000000089f00000, 0x0000000089f00000, 0x000000008a000000|  0%| F|  |TAMS 0x0000000089f00000, 0x0000000089f00000| Untracked 
| 160|0x000000008a000000, 0x000000008a000000, 0x000000008a100000|  0%| F|  |TAMS 0x000000008a000000, 0x000000008a000000| Untracked 
| 161|0x000000008a100000, 0x000000008a100000, 0x000000008a200000|  0%| F|  |TAMS 0x000000008a100000, 0x000000008a100000| Untracked 
| 162|0x000000008a200000, 0x000000008a200000, 0x000000008a300000|  0%| F|  |TAMS 0x000000008a200000, 0x000000008a200000| Untracked 
| 163|0x000000008a300000, 0x000000008a300000, 0x000000008a400000|  0%| F|  |TAMS 0x000000008a300000, 0x000000008a300000| Untracked 
| 164|0x000000008a400000, 0x000000008a400000, 0x000000008a500000|  0%| F|  |TAMS 0x000000008a400000, 0x000000008a400000| Untracked 
| 165|0x000000008a500000, 0x000000008a500000, 0x000000008a600000|  0%| F|  |TAMS 0x000000008a500000, 0x000000008a500000| Untracked 
| 166|0x000000008a600000, 0x000000008a600000, 0x000000008a700000|  0%| F|  |TAMS 0x000000008a600000, 0x000000008a600000| Untracked 
| 167|0x000000008a700000, 0x000000008a700000, 0x000000008a800000|  0%| F|  |TAMS 0x000000008a700000, 0x000000008a700000| Untracked 
| 168|0x000000008a800000, 0x000000008a800000, 0x000000008a900000|  0%| F|  |TAMS 0x000000008a800000, 0x000000008a800000| Untracked 
| 169|0x000000008a900000, 0x000000008a900000, 0x000000008aa00000|  0%| F|  |TAMS 0x000000008a900000, 0x000000008a900000| Untracked 
| 170|0x000000008aa00000, 0x000000008aa00000, 0x000000008ab00000|  0%| F|  |TAMS 0x000000008aa00000, 0x000000008aa00000| Untracked 
| 171|0x000000008ab00000, 0x000000008ab00000, 0x000000008ac00000|  0%| F|  |TAMS 0x000000008ab00000, 0x000000008ab00000| Untracked 
| 172|0x000000008ac00000, 0x000000008ac00000, 0x000000008ad00000|  0%| F|  |TAMS 0x000000008ac00000, 0x000000008ac00000| Untracked 
| 173|0x000000008ad00000, 0x000000008ad00000, 0x000000008ae00000|  0%| F|  |TAMS 0x000000008ad00000, 0x000000008ad00000| Untracked 
| 174|0x000000008ae00000, 0x000000008ae00000, 0x000000008af00000|  0%| F|  |TAMS 0x000000008ae00000, 0x000000008ae00000| Untracked 
| 175|0x000000008af00000, 0x000000008af00000, 0x000000008b000000|  0%| F|  |TAMS 0x000000008af00000, 0x000000008af00000| Untracked 
| 176|0x000000008b000000, 0x000000008b000000, 0x000000008b100000|  0%| F|  |TAMS 0x000000008b000000, 0x000000008b000000| Untracked 
| 177|0x000000008b100000, 0x000000008b100000, 0x000000008b200000|  0%| F|  |TAMS 0x000000008b100000, 0x000000008b100000| Untracked 
| 178|0x000000008b200000, 0x000000008b200000, 0x000000008b300000|  0%| F|  |TAMS 0x000000008b200000, 0x000000008b200000| Untracked 
| 179|0x000000008b300000, 0x000000008b300000, 0x000000008b400000|  0%| F|  |TAMS 0x000000008b300000, 0x000000008b300000| Untracked 
| 180|0x000000008b400000, 0x000000008b400000, 0x000000008b500000|  0%| F|  |TAMS 0x000000008b400000, 0x000000008b400000| Untracked 
| 181|0x000000008b500000, 0x000000008b500000, 0x000000008b600000|  0%| F|  |TAMS 0x000000008b500000, 0x000000008b500000| Untracked 
| 182|0x000000008b600000, 0x000000008b600000, 0x000000008b700000|  0%| F|  |TAMS 0x000000008b600000, 0x000000008b600000| Untracked 
| 183|0x000000008b700000, 0x000000008b700000, 0x000000008b800000|  0%| F|  |TAMS 0x000000008b700000, 0x000000008b700000| Untracked 
| 184|0x000000008b800000, 0x000000008b8df7c0, 0x000000008b900000| 87%| S|CS|TAMS 0x000000008b800000, 0x000000008b800000| Complete 
| 185|0x000000008b900000, 0x000000008ba00000, 0x000000008ba00000|100%| S|CS|TAMS 0x000000008b900000, 0x000000008b900000| Complete 
| 186|0x000000008ba00000, 0x000000008ba00000, 0x000000008bb00000|  0%| F|  |TAMS 0x000000008ba00000, 0x000000008ba00000| Untracked 
| 187|0x000000008bb00000, 0x000000008bb00000, 0x000000008bc00000|  0%| F|  |TAMS 0x000000008bb00000, 0x000000008bb00000| Untracked 
| 188|0x000000008bc00000, 0x000000008bc00000, 0x000000008bd00000|  0%| F|  |TAMS 0x000000008bc00000, 0x000000008bc00000| Untracked 
| 189|0x000000008bd00000, 0x000000008bd00000, 0x000000008be00000|  0%| F|  |TAMS 0x000000008bd00000, 0x000000008bd00000| Untracked 
| 190|0x000000008be00000, 0x000000008be00000, 0x000000008bf00000|  0%| F|  |TAMS 0x000000008be00000, 0x000000008be00000| Untracked 
| 191|0x000000008bf00000, 0x000000008bf00000, 0x000000008c000000|  0%| F|  |TAMS 0x000000008bf00000, 0x000000008bf00000| Untracked 
| 192|0x000000008c000000, 0x000000008c000000, 0x000000008c100000|  0%| F|  |TAMS 0x000000008c000000, 0x000000008c000000| Untracked 
| 193|0x000000008c100000, 0x000000008c100000, 0x000000008c200000|  0%| F|  |TAMS 0x000000008c100000, 0x000000008c100000| Untracked 
| 194|0x000000008c200000, 0x000000008c200000, 0x000000008c300000|  0%| F|  |TAMS 0x000000008c200000, 0x000000008c200000| Untracked 
| 195|0x000000008c300000, 0x000000008c300000, 0x000000008c400000|  0%| F|  |TAMS 0x000000008c300000, 0x000000008c300000| Untracked 
| 196|0x000000008c400000, 0x000000008c400000, 0x000000008c500000|  0%| F|  |TAMS 0x000000008c400000, 0x000000008c400000| Untracked 
| 197|0x000000008c500000, 0x000000008c500000, 0x000000008c600000|  0%| F|  |TAMS 0x000000008c500000, 0x000000008c500000| Untracked 
| 198|0x000000008c600000, 0x000000008c600000, 0x000000008c700000|  0%| F|  |TAMS 0x000000008c600000, 0x000000008c600000| Untracked 
| 199|0x000000008c700000, 0x000000008c700000, 0x000000008c800000|  0%| F|  |TAMS 0x000000008c700000, 0x000000008c700000| Untracked 
| 200|0x000000008c800000, 0x000000008c800000, 0x000000008c900000|  0%| F|  |TAMS 0x000000008c800000, 0x000000008c800000| Untracked 
| 201|0x000000008c900000, 0x000000008c900000, 0x000000008ca00000|  0%| F|  |TAMS 0x000000008c900000, 0x000000008c900000| Untracked 
| 202|0x000000008ca00000, 0x000000008ca00000, 0x000000008cb00000|  0%| F|  |TAMS 0x000000008ca00000, 0x000000008ca00000| Untracked 
| 203|0x000000008cb00000, 0x000000008cb00000, 0x000000008cc00000|  0%| F|  |TAMS 0x000000008cb00000, 0x000000008cb00000| Untracked 
| 204|0x000000008cc00000, 0x000000008cc00000, 0x000000008cd00000|  0%| F|  |TAMS 0x000000008cc00000, 0x000000008cc00000| Untracked 
| 205|0x000000008cd00000, 0x000000008cd00000, 0x000000008ce00000|  0%| F|  |TAMS 0x000000008cd00000, 0x000000008cd00000| Untracked 
| 206|0x000000008ce00000, 0x000000008ce00000, 0x000000008cf00000|  0%| F|  |TAMS 0x000000008ce00000, 0x000000008ce00000| Untracked 
| 207|0x000000008cf00000, 0x000000008cf00000, 0x000000008d000000|  0%| F|  |TAMS 0x000000008cf00000, 0x000000008cf00000| Untracked 
| 208|0x000000008d000000, 0x000000008d000000, 0x000000008d100000|  0%| F|  |TAMS 0x000000008d000000, 0x000000008d000000| Untracked 
| 209|0x000000008d100000, 0x000000008d100000, 0x000000008d200000|  0%| F|  |TAMS 0x000000008d100000, 0x000000008d100000| Untracked 
| 210|0x000000008d200000, 0x000000008d200000, 0x000000008d300000|  0%| F|  |TAMS 0x000000008d200000, 0x000000008d200000| Untracked 
| 211|0x000000008d300000, 0x000000008d300000, 0x000000008d400000|  0%| F|  |TAMS 0x000000008d300000, 0x000000008d300000| Untracked 
| 212|0x000000008d400000, 0x000000008d400000, 0x000000008d500000|  0%| F|  |TAMS 0x000000008d400000, 0x000000008d400000| Untracked 
| 213|0x000000008d500000, 0x000000008d500000, 0x000000008d600000|  0%| F|  |TAMS 0x000000008d500000, 0x000000008d500000| Untracked 
| 214|0x000000008d600000, 0x000000008d600000, 0x000000008d700000|  0%| F|  |TAMS 0x000000008d600000, 0x000000008d600000| Untracked 
| 215|0x000000008d700000, 0x000000008d700000, 0x000000008d800000|  0%| F|  |TAMS 0x000000008d700000, 0x000000008d700000| Untracked 
| 216|0x000000008d800000, 0x000000008d800000, 0x000000008d900000|  0%| F|  |TAMS 0x000000008d800000, 0x000000008d800000| Untracked 
| 217|0x000000008d900000, 0x000000008d900000, 0x000000008da00000|  0%| F|  |TAMS 0x000000008d900000, 0x000000008d900000| Untracked 
| 218|0x000000008da00000, 0x000000008da00000, 0x000000008db00000|  0%| F|  |TAMS 0x000000008da00000, 0x000000008da00000| Untracked 
| 219|0x000000008db00000, 0x000000008db00000, 0x000000008dc00000|  0%| F|  |TAMS 0x000000008db00000, 0x000000008db00000| Untracked 
| 220|0x000000008dc00000, 0x000000008dc00000, 0x000000008dd00000|  0%| F|  |TAMS 0x000000008dc00000, 0x000000008dc00000| Untracked 
| 221|0x000000008dd00000, 0x000000008dd935a8, 0x000000008de00000| 57%| E|  |TAMS 0x000000008dd00000, 0x000000008dd00000| Complete 
| 222|0x000000008de00000, 0x000000008df00000, 0x000000008df00000|100%| E|CS|TAMS 0x000000008de00000, 0x000000008de00000| Complete 
| 223|0x000000008df00000, 0x000000008e000000, 0x000000008e000000|100%| E|CS|TAMS 0x000000008df00000, 0x000000008df00000| Complete 
| 224|0x000000008e000000, 0x000000008e100000, 0x000000008e100000|100%| E|CS|TAMS 0x000000008e000000, 0x000000008e000000| Complete 
| 225|0x000000008e100000, 0x000000008e200000, 0x000000008e200000|100%| E|CS|TAMS 0x000000008e100000, 0x000000008e100000| Complete 
| 226|0x000000008e200000, 0x000000008e300000, 0x000000008e300000|100%| E|CS|TAMS 0x000000008e200000, 0x000000008e200000| Complete 
| 227|0x000000008e300000, 0x000000008e400000, 0x000000008e400000|100%| E|CS|TAMS 0x000000008e300000, 0x000000008e300000| Complete 
| 228|0x000000008e400000, 0x000000008e500000, 0x000000008e500000|100%| E|CS|TAMS 0x000000008e400000, 0x000000008e400000| Complete 
| 229|0x000000008e500000, 0x000000008e600000, 0x000000008e600000|100%| E|  |TAMS 0x000000008e500000, 0x000000008e500000| Complete 
| 230|0x000000008e600000, 0x000000008e700000, 0x000000008e700000|100%| E|CS|TAMS 0x000000008e600000, 0x000000008e600000| Complete 
| 231|0x000000008e700000, 0x000000008e800000, 0x000000008e800000|100%| E|CS|TAMS 0x000000008e700000, 0x000000008e700000| Complete 
| 232|0x000000008e800000, 0x000000008e900000, 0x000000008e900000|100%| E|CS|TAMS 0x000000008e800000, 0x000000008e800000| Complete 
| 233|0x000000008e900000, 0x000000008ea00000, 0x000000008ea00000|100%| E|CS|TAMS 0x000000008e900000, 0x000000008e900000| Complete 
| 251|0x000000008fb00000, 0x000000008fc00000, 0x000000008fc00000|100%| E|CS|TAMS 0x000000008fb00000, 0x000000008fb00000| Complete 

Card table byte_map: [0x000001d55b780000,0x000001d55bb80000] _byte_map_base: 0x000001d55b380000

Marking Bits (Prev, Next): (CMBitMap*) 0x000001d548469500, (CMBitMap*) 0x000001d548469540
 Prev Bits: [0x000001d55bf80000, 0x000001d55df80000)
 Next Bits: [0x000001d55df80000, 0x000001d55ff80000)

Polling page: 0x000001d5462a0000

Metaspace:

Usage:
  Non-class:    100.10 MB used.
      Class:     15.63 MB used.
       Both:    115.73 MB used.

Virtual space:
  Non-class space:      128.00 MB reserved,     100.50 MB ( 79%) committed,  2 nodes.
      Class space:        1.00 GB reserved,      16.06 MB (  2%) committed,  1 nodes.
             Both:        1.12 GB reserved,     116.56 MB ( 10%) committed. 

Chunk freelists:
   Non-Class:  11.12 MB
       Class:  16.00 MB
        Both:  27.12 MB

MaxMetaspaceSize: unlimited
CompressedClassSpaceSize: 1.00 GB
Initial GC threshold: 21.00 MB
Current GC threshold: 116.69 MB
CDS: off
MetaspaceReclaimPolicy: balanced
 - commit_granule_bytes: 65536.
 - commit_granule_words: 8192.
 - virtual_space_node_default_size: 8388608.
 - enlarge_chunks_in_place: 1.
 - new_chunks_are_fully_committed: 0.
 - uncommit_free_chunks: 1.
 - use_allocation_guard: 0.
 - handle_deallocations: 1.


Internal statistics:

num_allocs_failed_limit: 6.
num_arena_births: 1280.
num_arena_deaths: 0.
num_vsnodes_births: 3.
num_vsnodes_deaths: 0.
num_space_committed: 1863.
num_space_uncommitted: 0.
num_chunks_returned_to_freelist: 6.
num_chunks_taken_from_freelist: 5775.
num_chunk_merges: 6.
num_chunk_splits: 3773.
num_chunks_enlarged: 2451.
num_inconsistent_stats: 0.

CodeHeap 'non-profiled nmethods': size=119168Kb used=9217Kb max_used=9217Kb free=109950Kb
 bounds [0x000001d553480000, 0x000001d553d90000, 0x000001d55a8e0000]
CodeHeap 'profiled nmethods': size=119104Kb used=26789Kb max_used=26789Kb free=92314Kb
 bounds [0x000001d54b8e0000, 0x000001d54d310000, 0x000001d552d30000]
CodeHeap 'non-nmethods': size=7488Kb used=1767Kb max_used=3535Kb free=5720Kb
 bounds [0x000001d552d30000, 0x000001d5530b0000, 0x000001d553480000]
 total_blobs=14478 nmethods=13610 adapters=778
 compilation: enabled
              stopped_count=0, restarted_count=0
 full_count=0

Compilation events (20 events):
Event: 32.447 Thread 0x000001d5633a3a70 nmethod 16004 0x000001d553d7cb90 code [0x000001d553d7cd00, 0x000001d553d7ce58]
Event: 32.448 Thread 0x000001d5633a3a70 15995       4       org.gradle.internal.snapshot.AbstractFileSystemLocationSnapshot::rootSnapshots (5 bytes)
Event: 32.448 Thread 0x000001d56f204d90 nmethod 15997 0x000001d553d7cf10 code [0x000001d553d7d0e0, 0x000001d553d7d418]
Event: 32.448 Thread 0x000001d56f204d90 16007       4       java.util.stream.StreamOpFlag::isKnown (19 bytes)
Event: 32.448 Thread 0x000001d5633a4520 16012       1       org.gradle.cache.IndexedCacheParameters::getCacheName (5 bytes)
Event: 32.448 Thread 0x000001d56f204d90 nmethod 16007 0x000001d553d7d810 code [0x000001d553d7d980, 0x000001d553d7da18]
Event: 32.448 Thread 0x000001d56f204d90 15999       4       org.gradle.internal.snapshot.FileSystemSnapshotHierarchyVisitor::enterDirectory (1 bytes)
Event: 32.448 Thread 0x000001d5633a4520 nmethod 16012 0x000001d553d7db10 code [0x000001d553d7dca0, 0x000001d553d7dd78]
Event: 32.448 Thread 0x000001d56f204d90 nmethod 15999 0x000001d553d7de10 code [0x000001d553d7df80, 0x000001d553d7dff8]
Event: 32.448 Thread 0x000001d56f204d90 16000       4       org.gradle.internal.snapshot.FileSystemSnapshotHierarchyVisitor::leaveDirectory (1 bytes)
Event: 32.449 Thread 0x000001d56f204d90 nmethod 16000 0x000001d553d7e110 code [0x000001d553d7e280, 0x000001d553d7e2f8]
Event: 32.449 Thread 0x000001d56f204d90 16006       4       org.gradle.internal.snapshot.DirectorySnapshot::getType (4 bytes)
Event: 32.449 Thread 0x000001d56f204d90 nmethod 16006 0x000001d553d7e410 code [0x000001d553d7e580, 0x000001d553d7e5f8]
Event: 32.449 Thread 0x000001d56f204d90 16003       4       java.util.stream.Streams$AbstractStreamBuilderImpl::estimateSize (9 bytes)
Event: 32.449 Thread 0x000001d5633a3a70 nmethod 15995 0x000001d553d7e710 code [0x000001d553d7e8a0, 0x000001d553d7ea18]
Event: 32.449 Thread 0x000001d5633a3a70 16008       4       org.gradle.internal.snapshot.DirectorySnapshot::accept (108 bytes)
Event: 32.449 Thread 0x000001d56f204d90 nmethod 16003 0x000001d553d7eb90 code [0x000001d553d7ed00, 0x000001d553d7ed98]
Event: 32.449 Thread 0x000001d56f204d90 15974       4       org.gradle.internal.logging.slf4j.OutputEventListenerBackedLogger::debug (8 bytes)
Event: 32.450 Thread 0x000001d56f204d90 nmethod 15974 0x000001d553d7ee90 code [0x000001d553d7f020, 0x000001d553d7f168]
Event: 32.450 Thread 0x000001d56f204d90 15988       4       org.gradle.internal.service.DefaultServiceRegistry$SingletonService::get (5 bytes)

GC Heap History (20 events):
Event: 16.192 GC heap before
{Heap before GC invocations=58 (full 0):
 garbage-first heap   total 196608K, used 159489K [0x0000000080000000, 0x0000000100000000)
  region size 1024K, 45 young (46080K), 6 survivors (6144K)
 Metaspace       used 109267K, committed 110080K, reserved 1179648K
  class space    used 14962K, committed 15360K, reserved 1048576K
}
Event: 16.197 GC heap after
{Heap after GC invocations=59 (full 0):
 garbage-first heap   total 196608K, used 124695K [0x0000000080000000, 0x0000000100000000)
  region size 1024K, 5 young (5120K), 5 survivors (5120K)
 Metaspace       used 109267K, committed 110080K, reserved 1179648K
  class space    used 14962K, committed 15360K, reserved 1048576K
}
Event: 16.764 GC heap before
{Heap before GC invocations=59 (full 0):
 garbage-first heap   total 196608K, used 161559K [0x0000000080000000, 0x0000000100000000)
  region size 1024K, 42 young (43008K), 5 survivors (5120K)
 Metaspace       used 109510K, committed 110336K, reserved 1179648K
  class space    used 15005K, committed 15424K, reserved 1048576K
}
Event: 16.767 GC heap after
{Heap after GC invocations=60 (full 0):
 garbage-first heap   total 196608K, used 127701K [0x0000000080000000, 0x0000000100000000)
  region size 1024K, 5 young (5120K), 5 survivors (5120K)
 Metaspace       used 109510K, committed 110336K, reserved 1179648K
  class space    used 15005K, committed 15424K, reserved 1048576K
}
Event: 17.032 GC heap before
{Heap before GC invocations=60 (full 0):
 garbage-first heap   total 196608K, used 161493K [0x0000000080000000, 0x0000000100000000)
  region size 1024K, 39 young (39936K), 5 survivors (5120K)
 Metaspace       used 109601K, committed 110400K, reserved 1179648K
  class space    used 15011K, committed 15424K, reserved 1048576K
}
Event: 17.034 GC heap after
{Heap after GC invocations=61 (full 0):
 garbage-first heap   total 196608K, used 129787K [0x0000000080000000, 0x0000000100000000)
  region size 1024K, 4 young (4096K), 4 survivors (4096K)
 Metaspace       used 109601K, committed 110400K, reserved 1179648K
  class space    used 15011K, committed 15424K, reserved 1048576K
}
Event: 17.276 GC heap before
{Heap before GC invocations=61 (full 0):
 garbage-first heap   total 196608K, used 163579K [0x0000000080000000, 0x0000000100000000)
  region size 1024K, 38 young (38912K), 4 survivors (4096K)
 Metaspace       used 110070K, committed 110848K, reserved 1179648K
  class space    used 15086K, committed 15488K, reserved 1048576K
}
Event: 17.281 GC heap after
{Heap after GC invocations=62 (full 0):
 garbage-first heap   total 196608K, used 138276K [0x0000000080000000, 0x0000000100000000)
  region size 1024K, 5 young (5120K), 5 survivors (5120K)
 Metaspace       used 110070K, committed 110848K, reserved 1179648K
  class space    used 15086K, committed 15488K, reserved 1048576K
}
Event: 17.576 GC heap before
{Heap before GC invocations=62 (full 0):
 garbage-first heap   total 196608K, used 159780K [0x0000000080000000, 0x0000000100000000)
  region size 1024K, 26 young (26624K), 5 survivors (5120K)
 Metaspace       used 110840K, committed 111680K, reserved 1179648K
  class space    used 15186K, committed 15616K, reserved 1048576K
}
Event: 17.579 GC heap after
{Heap after GC invocations=63 (full 0):
 garbage-first heap   total 196608K, used 139555K [0x0000000080000000, 0x0000000100000000)
  region size 1024K, 2 young (2048K), 2 survivors (2048K)
 Metaspace       used 110840K, committed 111680K, reserved 1179648K
  class space    used 15186K, committed 15616K, reserved 1048576K
}
Event: 17.902 GC heap before
{Heap before GC invocations=63 (full 0):
 garbage-first heap   total 196608K, used 161059K [0x0000000080000000, 0x0000000100000000)
  region size 1024K, 24 young (24576K), 2 survivors (2048K)
 Metaspace       used 112666K, committed 113472K, reserved 1179648K
  class space    used 15377K, committed 15744K, reserved 1048576K
}
Event: 17.906 GC heap after
{Heap after GC invocations=64 (full 0):
 garbage-first heap   total 196608K, used 141615K [0x0000000080000000, 0x0000000100000000)
  region size 1024K, 3 young (3072K), 3 survivors (3072K)
 Metaspace       used 112666K, committed 113472K, reserved 1179648K
  class space    used 15377K, committed 15744K, reserved 1048576K
}
Event: 17.983 GC heap before
{Heap before GC invocations=64 (full 0):
 garbage-first heap   total 196608K, used 163119K [0x0000000080000000, 0x0000000100000000)
  region size 1024K, 25 young (25600K), 3 survivors (3072K)
 Metaspace       used 112880K, committed 113664K, reserved 1179648K
  class space    used 15424K, committed 15808K, reserved 1048576K
}
Event: 17.987 GC heap after
{Heap after GC invocations=65 (full 0):
 garbage-first heap   total 196608K, used 144281K [0x0000000080000000, 0x0000000100000000)
  region size 1024K, 4 young (4096K), 4 survivors (4096K)
 Metaspace       used 112880K, committed 113664K, reserved 1179648K
  class space    used 15424K, committed 15808K, reserved 1048576K
}
Event: 18.176 GC heap before
{Heap before GC invocations=65 (full 0):
 garbage-first heap   total 196608K, used 164761K [0x0000000080000000, 0x0000000100000000)
  region size 1024K, 25 young (25600K), 4 survivors (4096K)
 Metaspace       used 112993K, committed 113856K, reserved 1179648K
  class space    used 15445K, committed 15872K, reserved 1048576K
}
Event: 18.180 GC heap after
{Heap after GC invocations=66 (full 0):
 garbage-first heap   total 240640K, used 146386K [0x0000000080000000, 0x0000000100000000)
  region size 1024K, 3 young (3072K), 3 survivors (3072K)
 Metaspace       used 112993K, committed 113856K, reserved 1179648K
  class space    used 15445K, committed 15872K, reserved 1048576K
}
Event: 18.403 GC heap before
{Heap before GC invocations=66 (full 0):
 garbage-first heap   total 240640K, used 197586K [0x0000000080000000, 0x0000000100000000)
  region size 1024K, 54 young (55296K), 3 survivors (3072K)
 Metaspace       used 113060K, committed 113920K, reserved 1179648K
  class space    used 15449K, committed 15872K, reserved 1048576K
}
Event: 18.406 GC heap after
{Heap after GC invocations=67 (full 0):
 garbage-first heap   total 240640K, used 149464K [0x0000000080000000, 0x0000000100000000)
  region size 1024K, 6 young (6144K), 6 survivors (6144K)
 Metaspace       used 113060K, committed 113920K, reserved 1179648K
  class space    used 15449K, committed 15872K, reserved 1048576K
}
Event: 19.039 GC heap before
{Heap before GC invocations=67 (full 0):
 garbage-first heap   total 240640K, used 198616K [0x0000000080000000, 0x0000000100000000)
  region size 1024K, 55 young (56320K), 6 survivors (6144K)
 Metaspace       used 117158K, committed 118016K, reserved 1179648K
  class space    used 15911K, committed 16320K, reserved 1048576K
}
Event: 19.042 GC heap after
{Heap after GC invocations=68 (full 0):
 garbage-first heap   total 240640K, used 150748K [0x0000000080000000, 0x0000000100000000)
  region size 1024K, 2 young (2048K), 2 survivors (2048K)
 Metaspace       used 117158K, committed 118016K, reserved 1179648K
  class space    used 15911K, committed 16320K, reserved 1048576K
}

Dll operation events (3 events):
Event: 0.070 Loaded shared library D:\Android\Android Studio\jbr\bin\java.dll
Event: 0.155 Loaded shared library D:\Android\Android Studio\jbr\bin\zip.dll
Event: 0.347 Loaded shared library D:\Android\Android Studio\jbr\bin\verify.dll

Deoptimization events (20 events):
Event: 32.425 Thread 0x000001d5698b5490 Uncommon trap: trap_request=0xffffffde fr.pc=0x000001d553707258 relative=0x0000000000000218
Event: 32.425 Thread 0x000001d5698b5490 Uncommon trap: reason=class_check action=maybe_recompile pc=0x000001d553707258 method=java.util.stream.AbstractPipeline.copyIntoWithCancel(Ljava/util/stream/Sink;Ljava/util/Spliterator;)Z @ 32 c2
Event: 32.425 Thread 0x000001d5698b5490 DEOPT PACKING pc=0x000001d553707258 sp=0x000000c129cfe2b0
Event: 32.425 Thread 0x000001d5698b5490 DEOPT UNPACKING pc=0x000001d552d869a3 sp=0x000000c129cfe240 mode 2
Event: 32.429 Thread 0x000001d5698b5490 Uncommon trap: trap_request=0xffffff45 fr.pc=0x000001d553aed2f0 relative=0x0000000000003a10
Event: 32.429 Thread 0x000001d5698b5490 Uncommon trap: reason=unstable_if action=reinterpret pc=0x000001d553aed2f0 method=org.gradle.cache.internal.DefaultCrossBuildInMemoryCacheFactory$AbstractCrossBuildInMemoryCache.getIfPresentWithoutLock(Ljava/lang/Object;)Ljava/lang/Object; @ 24 c2
Event: 32.429 Thread 0x000001d5698b5490 DEOPT PACKING pc=0x000001d553aed2f0 sp=0x000000c129cfb1d0
Event: 32.429 Thread 0x000001d5698b5490 DEOPT UNPACKING pc=0x000001d552d869a3 sp=0x000000c129cfafe8 mode 2
Event: 32.430 Thread 0x000001d5698b5490 Uncommon trap: trap_request=0xffffff45 fr.pc=0x000001d5539a9dfc relative=0x00000000000004fc
Event: 32.430 Thread 0x000001d5698b5490 Uncommon trap: reason=unstable_if action=reinterpret pc=0x000001d5539a9dfc method=org.gradle.cache.internal.DefaultCrossBuildInMemoryCacheFactory$AbstractCrossBuildInMemoryCache.getIfPresentWithoutLock(Ljava/lang/Object;)Ljava/lang/Object; @ 24 c2
Event: 32.430 Thread 0x000001d5698b5490 DEOPT PACKING pc=0x000001d5539a9dfc sp=0x000000c129cf8c90
Event: 32.430 Thread 0x000001d5698b5490 DEOPT UNPACKING pc=0x000001d552d869a3 sp=0x000000c129cf8c48 mode 2
Event: 32.431 Thread 0x000001d5698b5490 Uncommon trap: trap_request=0xffffffc6 fr.pc=0x000001d553728468 relative=0x0000000000000788
Event: 32.431 Thread 0x000001d5698b5490 Uncommon trap: reason=bimorphic_or_optimized_type_check action=maybe_recompile pc=0x000001d553728468 method=java.util.stream.MatchOps$MatchOp.evaluateSequential(Ljava/util/stream/PipelineHelper;Ljava/util/Spliterator;)Ljava/lang/Boolean; @ 14 c2
Event: 32.431 Thread 0x000001d5698b5490 DEOPT PACKING pc=0x000001d553728468 sp=0x000000c129cfb7a0
Event: 32.431 Thread 0x000001d5698b5490 DEOPT UNPACKING pc=0x000001d552d869a3 sp=0x000000c129cfb6d8 mode 2
Event: 32.431 Thread 0x000001d5698b5490 Uncommon trap: trap_request=0xffffff45 fr.pc=0x000001d553d375f8 relative=0x0000000000000238
Event: 32.431 Thread 0x000001d5698b5490 Uncommon trap: reason=unstable_if action=reinterpret pc=0x000001d553d375f8 method=java.util.stream.ReferencePipeline$7$1.accept(Ljava/lang/Object;)V @ 25 c2
Event: 32.431 Thread 0x000001d5698b5490 DEOPT PACKING pc=0x000001d553d375f8 sp=0x000000c129cfb4c0
Event: 32.431 Thread 0x000001d5698b5490 DEOPT UNPACKING pc=0x000001d552d869a3 sp=0x000000c129cfb458 mode 2

Classes unloaded (0 events):
No events

Classes redefined (0 events):
No events

Internal exceptions (20 events):
Event: 18.579 Thread 0x000001d568f322a0 Exception <a 'java/lang/NoSuchMethodError'{0x000000008dfd80f8}: static Lorg/gradle/internal/build/event/types/DefaultFailure;.<clinit>()V> (0x000000008dfd80f8) 
thrown [s\src\hotspot\share\prims\jni.cpp, line 1108]
Event: 18.620 Thread 0x000001d5698b5490 Exception <a 'java/lang/NoSuchMethodError'{0x000000008dd2d948}: static Lorg/jetbrains/kotlin/gradle/plugin/statistics/MetricContainer;.<clinit>()V> (0x000000008dd2d948) 
thrown [s\src\hotspot\share\prims\jni.cpp, line 1108]
Event: 18.641 Thread 0x000001d5698b5490 Exception <a 'sun/nio/fs/WindowsException'{0x000000008dcb25a8}> (0x000000008dcb25a8) 
thrown [s\src\hotspot\share\prims\jni.cpp, line 517]
Event: 18.641 Thread 0x000001d5698b5490 Exception <a 'sun/nio/fs/WindowsException'{0x000000008dcb2928}> (0x000000008dcb2928) 
thrown [s\src\hotspot\share\prims\jni.cpp, line 517]
Event: 18.642 Thread 0x000001d5698b5490 Exception <a 'sun/nio/fs/WindowsException'{0x000000008dcb47f0}> (0x000000008dcb47f0) 
thrown [s\src\hotspot\share\prims\jni.cpp, line 517]
Event: 18.686 Thread 0x000001d56cd2c650 Exception <a 'sun/nio/fs/WindowsException'{0x000000008d800fd8}> (0x000000008d800fd8) 
thrown [s\src\hotspot\share\prims\jni.cpp, line 517]
Event: 18.687 Thread 0x000001d5698b5490 Exception <a 'java/lang/NoSuchMethodError'{0x000000008d9b02e0}: 'void java.lang.invoke.DirectMethodHandle$Holder.invokeSpecial(java.lang.Object, java.lang.Object, int)'> (0x000000008d9b02e0) 
thrown [s\src\hotspot\share\interpreter\linkResolver.cpp, line 771]
Event: 18.692 Thread 0x000001d5698b5490 Exception <a 'java/lang/NoSuchMethodError'{0x000000008d9df4f0}: 'void java.lang.invoke.DirectMethodHandle$Holder.invokeStatic(java.lang.Object, int, java.lang.Object)'> (0x000000008d9df4f0) 
thrown [s\src\hotspot\share\interpreter\linkResolver.cpp, line 771]
Event: 18.794 Thread 0x000001d5698b5490 Implicit null exception at 0x000001d553c4428f to 0x000001d553c442dc
Event: 18.887 Thread 0x000001d5698b5490 Implicit null exception at 0x000001d553c1778a to 0x000001d553c1e42c
Event: 18.888 Thread 0x000001d5698b5490 Implicit null exception at 0x000001d553b55c8f to 0x000001d553b55cdc
Event: 18.950 Thread 0x000001d5698b5490 Implicit null exception at 0x000001d553541c54 to 0x000001d553541d8c
Event: 18.974 Thread 0x000001d5693272f0 Exception <a 'java/lang/NoSuchMethodError'{0x000000008c0953e0}: static Lorg/gradle/tooling/internal/provider/serialization/ClassLoaderDetails;.<clinit>()V> (0x000000008c0953e0) 
thrown [s\src\hotspot\share\prims\jni.cpp, line 1108]
Event: 18.976 Thread 0x000001d5693272f0 Exception <a 'java/lang/NoSuchMethodError'{0x000000008c0a7b70}: static Lorg/gradle/tooling/internal/provider/serialization/WellKnownClassLoaderRegistry$KnownClassLoaderSpec;.<clinit>()V> (0x000000008c0a7b70) 
thrown [s\src\hotspot\share\prims\jni.cpp, line 1108]
Event: 18.976 Thread 0x000001d5693272f0 Exception <a 'java/lang/NoSuchMethodError'{0x000000008c0a91e8}: static Lorg/gradle/internal/classloader/ClassLoaderSpec;.<clinit>()V> (0x000000008c0a91e8) 
thrown [s\src\hotspot\share\prims\jni.cpp, line 1108]
Event: 18.977 Thread 0x000001d5693272f0 Exception <a 'java/lang/NoSuchMethodError'{0x000000008bf27530}: static Lorg/gradle/internal/classloader/ClassLoaderSpec;.<clinit>()V> (0x000000008bf27530) 
thrown [s\src\hotspot\share\prims\jni.cpp, line 1108]
Event: 18.979 Thread 0x000001d5693272f0 Exception <a 'java/lang/NoSuchMethodError'{0x000000008bf336f8}: static Lorg/gradle/internal/classloader/VisitableURLClassLoader$Spec;.<clinit>()V> (0x000000008bf336f8) 
thrown [s\src\hotspot\share\prims\jni.cpp, line 1108]
Event: 18.981 Thread 0x000001d5693272f0 Exception <a 'java/lang/NoSuchMethodError'{0x000000008bf46bf0}: static [Ljava/net/URL;.<clinit>()V> (0x000000008bf46bf0) 
thrown [s\src\hotspot\share\prims\jni.cpp, line 1108]
Event: 18.984 Thread 0x000001d5693272f0 Exception <a 'java/lang/NoSuchMethodError'{0x000000008bfb2bb8}: static Lorg/gradle/internal/classloader/FilteringClassLoader$Spec;.<clinit>()V> (0x000000008bfb2bb8) 
thrown [s\src\hotspot\share\prims\jni.cpp, line 1108]
Event: 18.985 Thread 0x000001d5693272f0 Exception <a 'java/lang/NoSuchMethodError'{0x000000008bfc0f48}: static Lorg/gradle/internal/classloader/CachingClassLoader$Spec;.<clinit>()V> (0x000000008bfc0f48) 
thrown [s\src\hotspot\share\prims\jni.cpp, line 1108]

VM Operations (20 events):
Event: 18.698 Executing VM operation: HandshakeAllThreads
Event: 18.715 Executing VM operation: HandshakeAllThreads done
Event: 18.812 Executing VM operation: HandshakeAllThreads
Event: 18.813 Executing VM operation: HandshakeAllThreads done
Event: 18.832 Executing VM operation: ICBufferFull
Event: 18.832 Executing VM operation: ICBufferFull done
Event: 18.836 Executing VM operation: HandshakeAllThreads
Event: 18.837 Executing VM operation: HandshakeAllThreads done
Event: 18.984 Executing VM operation: HandshakeAllThreads
Event: 18.984 Executing VM operation: HandshakeAllThreads done
Event: 19.014 Executing VM operation: ICBufferFull
Event: 19.015 Executing VM operation: ICBufferFull done
Event: 19.039 Executing VM operation: G1CollectForAllocation
Event: 19.042 Executing VM operation: G1CollectForAllocation done
Event: 19.146 Executing VM operation: HandshakeAllThreads
Event: 19.146 Executing VM operation: HandshakeAllThreads done
Event: 20.151 Executing VM operation: Cleanup
Event: 20.151 Executing VM operation: Cleanup done
Event: 21.155 Executing VM operation: Cleanup
Event: 21.155 Executing VM operation: Cleanup done

Events (20 events):
Event: 21.139 Thread 0x000001d563536d60 Thread exited: 0x000001d563536d60
Event: 21.140 Thread 0x000001d56ad55400 Thread exited: 0x000001d56ad55400
Event: 21.152 Thread 0x000001d56ad563f0 Thread exited: 0x000001d56ad563f0
Event: 32.418 Thread 0x000001d56c078a70 Thread added: 0x000001d56c078a70
Event: 32.420 Thread 0x000001d56c077b40 Thread added: 0x000001d56c077b40
Event: 32.423 Thread 0x000001d56c079490 Thread added: 0x000001d56c079490
Event: 32.424 loading class jdk/internal/math/FormattedFloatingDecimal$Form
Event: 32.424 loading class jdk/internal/math/FormattedFloatingDecimal$Form done
Event: 32.424 loading class jdk/internal/math/FormattedFloatingDecimal
Event: 32.424 loading class jdk/internal/math/FormattedFloatingDecimal done
Event: 32.424 loading class jdk/internal/math/FormattedFloatingDecimal$1
Event: 32.425 loading class jdk/internal/math/FormattedFloatingDecimal$1 done
Event: 32.425 loading class jdk/internal/math/FormattedFloatingDecimal$2
Event: 32.425 loading class jdk/internal/math/FormattedFloatingDecimal$2 done
Event: 32.426 Thread 0x000001d56c07b2f0 Thread added: 0x000001d56c07b2f0
Event: 32.426 Thread 0x000001d56c078f80 Thread added: 0x000001d56c078f80
Event: 32.430 Thread 0x000001d56f202db0 Thread added: 0x000001d56f202db0
Event: 32.430 Thread 0x000001d56f204d90 Thread added: 0x000001d56f204d90
Event: 32.440 Thread 0x000001d56c0799a0 Thread added: 0x000001d56c0799a0
Event: 32.449 Thread 0x000001d56c078560 Thread added: 0x000001d56c078560


Dynamic libraries:
0x00007ff769c30000 - 0x00007ff769c3a000 	D:\Android\Android Studio\jbr\bin\java.exe
0x00007ffa19af0000 - 0x00007ffa19d07000 	C:\WINDOWS\SYSTEM32\ntdll.dll
0x00007ffa19250000 - 0x00007ffa19314000 	C:\WINDOWS\System32\KERNEL32.DLL
0x00007ffa17470000 - 0x00007ffa17817000 	C:\WINDOWS\System32\KERNELBASE.dll
0x00007ffa17350000 - 0x00007ffa17461000 	C:\WINDOWS\System32\ucrtbase.dll
0x00007ffa12350000 - 0x00007ffa1236b000 	D:\Android\Android Studio\jbr\bin\VCRUNTIME140.dll
0x00007ff9f35e0000 - 0x00007ff9f35f7000 	D:\Android\Android Studio\jbr\bin\jli.dll
0x00007ffa19630000 - 0x00007ffa197de000 	C:\WINDOWS\System32\USER32.dll
0x00007ffa16ec0000 - 0x00007ffa16ee6000 	C:\WINDOWS\System32\win32u.dll
0x00007ffa17c30000 - 0x00007ffa17c59000 	C:\WINDOWS\System32\GDI32.dll
0x00007ffa17060000 - 0x00007ffa17179000 	C:\WINDOWS\System32\gdi32full.dll
0x00007ffa172b0000 - 0x00007ffa1734a000 	C:\WINDOWS\System32\msvcp_win.dll
0x00007ff9fd900000 - 0x00007ff9fdb93000 	C:\WINDOWS\WinSxS\amd64_microsoft.windows.common-controls_6595b64144ccf1df_6.0.22621.3527_none_270e469b73872a76\COMCTL32.dll
0x00007ffa181f0000 - 0x00007ffa18297000 	C:\WINDOWS\System32\msvcrt.dll
0x00007ffa17ae0000 - 0x00007ffa17b11000 	C:\WINDOWS\System32\IMM32.DLL
0x00007ffa12340000 - 0x00007ffa1234c000 	D:\Android\Android Studio\jbr\bin\vcruntime140_1.dll
0x00007ff9f5c80000 - 0x00007ff9f5d0d000 	D:\Android\Android Studio\jbr\bin\msvcp140.dll
0x00007ff991eb0000 - 0x00007ff992b33000 	D:\Android\Android Studio\jbr\bin\server\jvm.dll
0x00007ffa18340000 - 0x00007ffa183f2000 	C:\WINDOWS\System32\ADVAPI32.dll
0x00007ffa17b20000 - 0x00007ffa17bc8000 	C:\WINDOWS\System32\sechost.dll
0x00007ffa16e90000 - 0x00007ffa16eb8000 	C:\WINDOWS\System32\bcrypt.dll
0x00007ffa19510000 - 0x00007ffa19625000 	C:\WINDOWS\System32\RPCRT4.dll
0x00007ffa16580000 - 0x00007ffa165cd000 	C:\WINDOWS\SYSTEM32\POWRPROF.dll
0x00007ffa0dec0000 - 0x00007ffa0def4000 	C:\WINDOWS\SYSTEM32\WINMM.dll
0x00007ffa0c8d0000 - 0x00007ffa0c8d9000 	C:\WINDOWS\SYSTEM32\WSOCK32.dll
0x00007ffa19490000 - 0x00007ffa19501000 	C:\WINDOWS\System32\WS2_32.dll
0x00007ffa0e210000 - 0x00007ffa0e21a000 	C:\WINDOWS\SYSTEM32\VERSION.dll
0x00007ffa16560000 - 0x00007ffa16573000 	C:\WINDOWS\SYSTEM32\UMPDC.dll
0x00007ffa15d90000 - 0x00007ffa15da8000 	C:\WINDOWS\SYSTEM32\kernel.appcore.dll
0x00007ffa0c8c0000 - 0x00007ffa0c8ca000 	D:\Android\Android Studio\jbr\bin\jimage.dll
0x00007ffa0d0f0000 - 0x00007ffa0d322000 	C:\WINDOWS\SYSTEM32\DBGHELP.DLL
0x00007ffa17c70000 - 0x00007ffa17ff8000 	C:\WINDOWS\System32\combase.dll
0x00007ffa199d0000 - 0x00007ffa19aa7000 	C:\WINDOWS\System32\OLEAUT32.dll
0x00007ff9ffab0000 - 0x00007ff9ffae2000 	C:\WINDOWS\SYSTEM32\dbgcore.DLL
0x00007ffa16e10000 - 0x00007ffa16e89000 	C:\WINDOWS\System32\bcryptPrimitives.dll
0x00007ff9f3dc0000 - 0x00007ff9f3dce000 	D:\Android\Android Studio\jbr\bin\instrument.dll
0x00007ffa01c30000 - 0x00007ffa01c55000 	D:\Android\Android Studio\jbr\bin\java.dll
0x00007ffa09960000 - 0x00007ffa09978000 	D:\Android\Android Studio\jbr\bin\zip.dll
0x00007ffa18400000 - 0x00007ffa18c5c000 	C:\WINDOWS\System32\SHELL32.dll
0x00007ffa14d00000 - 0x00007ffa155f6000 	C:\WINDOWS\SYSTEM32\windows.storage.dll
0x00007ffa14bc0000 - 0x00007ffa14cfe000 	C:\WINDOWS\SYSTEM32\wintypes.dll
0x00007ffa197e0000 - 0x00007ffa198d5000 	C:\WINDOWS\System32\SHCORE.dll
0x00007ffa198e0000 - 0x00007ffa1993e000 	C:\WINDOWS\System32\shlwapi.dll
0x00007ffa16d40000 - 0x00007ffa16d61000 	C:\WINDOWS\SYSTEM32\profapi.dll
0x00007ffa01f60000 - 0x00007ffa01f79000 	D:\Android\Android Studio\jbr\bin\net.dll
0x00007ffa10c40000 - 0x00007ffa10d76000 	C:\WINDOWS\SYSTEM32\WINHTTP.dll
0x00007ffa162c0000 - 0x00007ffa16329000 	C:\WINDOWS\system32\mswsock.dll
0x00007ff9f62f0000 - 0x00007ff9f6306000 	D:\Android\Android Studio\jbr\bin\nio.dll
0x00007ffa0c8b0000 - 0x00007ffa0c8c0000 	D:\Android\Android Studio\jbr\bin\verify.dll
0x00007ff9f5da0000 - 0x00007ff9f5dc7000 	D:\Android\.gradle\native\68d5fa5c4cc2d200863cafc0d521ce42e7d3e7ee720ec0a83991735586a16f82\windows-amd64\native-platform.dll
0x00007ff9c4720000 - 0x00007ff9c4864000 	D:\Android\.gradle\native\e376f236ea51e6404a007f0833ffe2c6e607c4080706a723a18a27aeea778392\windows-amd64\native-platform-file-events.dll
0x00007ff9f3de0000 - 0x00007ff9f3de9000 	D:\Android\Android Studio\jbr\bin\management.dll
0x00007ff9f3dd0000 - 0x00007ff9f3ddb000 	D:\Android\Android Studio\jbr\bin\management_ext.dll
0x00007ffa181b0000 - 0x00007ffa181b8000 	C:\WINDOWS\System32\PSAPI.DLL
0x00007ffa169e0000 - 0x00007ffa169fb000 	C:\WINDOWS\SYSTEM32\CRYPTSP.dll
0x00007ffa15d50000 - 0x00007ffa15d85000 	C:\WINDOWS\system32\rsaenh.dll
0x00007ffa16360000 - 0x00007ffa16388000 	C:\WINDOWS\SYSTEM32\USERENV.dll
0x00007ffa164c0000 - 0x00007ffa164cc000 	C:\WINDOWS\SYSTEM32\CRYPTBASE.dll
0x00007ffa15860000 - 0x00007ffa1588d000 	C:\WINDOWS\SYSTEM32\IPHLPAPI.DLL
0x00007ffa181e0000 - 0x00007ffa181e9000 	C:\WINDOWS\System32\NSI.dll
0x00007ffa0fd50000 - 0x00007ffa0fd69000 	C:\WINDOWS\SYSTEM32\dhcpcsvc6.DLL
0x00007ffa0eb70000 - 0x00007ffa0eb8f000 	C:\WINDOWS\SYSTEM32\dhcpcsvc.DLL
0x00007ffa158d0000 - 0x00007ffa159c8000 	C:\WINDOWS\SYSTEM32\DNSAPI.dll
0x00007ff9f5a60000 - 0x00007ff9f5a69000 	D:\Android\Android Studio\jbr\bin\extnet.dll
0x00007ff9d8960000 - 0x00007ff9d8968000 	C:\WINDOWS\system32\wshunix.dll
0x00007ffa0fd20000 - 0x00007ffa0fd2a000 	C:\Windows\System32\rasadhlp.dll
0x00007ffa0ce00000 - 0x00007ffa0ce83000 	C:\WINDOWS\System32\fwpuclnt.dll
0x00007ff9e2630000 - 0x00007ff9e2647000 	C:\WINDOWS\system32\napinsp.dll
0x00007ff9e2610000 - 0x00007ff9e262b000 	C:\WINDOWS\system32\pnrpnsp.dll
0x00007ff9e25f0000 - 0x00007ff9e2601000 	C:\WINDOWS\System32\winrnr.dll
0x00007ffa0eb50000 - 0x00007ffa0eb65000 	C:\WINDOWS\system32\wshbth.dll
0x00007ff9e25c0000 - 0x00007ff9e25e7000 	C:\WINDOWS\system32\nlansp_c.dll
0x00007ff9f5d80000 - 0x00007ff9f5d9e000 	C:\Users\agnid\AppData\Local\Temp\native-platform3765907020910394938dir\native-platform.dll

dbghelp: loaded successfully - version: 4.0.5 - missing functions: none
symbol engine: initialized successfully - sym options: 0x614 - pdb path: .;D:\Android\Android Studio\jbr\bin;C:\WINDOWS\SYSTEM32;C:\WINDOWS\WinSxS\amd64_microsoft.windows.common-controls_6595b64144ccf1df_6.0.22621.3527_none_270e469b73872a76;D:\Android\Android Studio\jbr\bin\server;D:\Android\.gradle\native\68d5fa5c4cc2d200863cafc0d521ce42e7d3e7ee720ec0a83991735586a16f82\windows-amd64;D:\Android\.gradle\native\e376f236ea51e6404a007f0833ffe2c6e607c4080706a723a18a27aeea778392\windows-amd64;C:\Users\agnid\AppData\Local\Temp\native-platform3765907020910394938dir

VM Arguments:
jvm_args: --add-opens=java.base/java.util=ALL-UNNAMED --add-opens=java.base/java.lang=ALL-UNNAMED --add-opens=java.base/java.lang.invoke=ALL-UNNAMED --add-opens=java.prefs/java.util.prefs=ALL-UNNAMED --add-opens=java.base/java.nio.charset=ALL-UNNAMED --add-opens=java.base/java.net=ALL-UNNAMED --add-opens=java.base/java.util.concurrent.atomic=ALL-UNNAMED -Xmx2048m -Dfile.encoding=UTF-8 -Duser.country=US -Duser.language=en -Duser.variant -javaagent:D:\Android\.gradle\wrapper\dists\gradle-8.2-bin\bbg7u40eoinfdyxsxr3z4i7ta\gradle-8.2\lib\agents\gradle-instrumentation-agent-8.2.jar 
java_command: org.gradle.launcher.daemon.bootstrap.GradleDaemon 8.2
java_class_path (initial): D:\Android\.gradle\wrapper\dists\gradle-8.2-bin\bbg7u40eoinfdyxsxr3z4i7ta\gradle-8.2\lib\gradle-launcher-8.2.jar
Launcher Type: SUN_STANDARD

[Global flags]
     intx CICompilerCount                          = 12                                        {product} {ergonomic}
     uint ConcGCThreads                            = 4                                         {product} {ergonomic}
     uint G1ConcRefinementThreads                  = 15                                        {product} {ergonomic}
   size_t G1HeapRegionSize                         = 1048576                                   {product} {ergonomic}
    uintx GCDrainStackTargetSize                   = 64                                        {product} {ergonomic}
   size_t InitialHeapSize                          = 264241152                                 {product} {ergonomic}
   size_t MarkStackSize                            = 4194304                                   {product} {ergonomic}
   size_t MaxHeapSize                              = 2147483648                                {product} {command line}
   size_t MaxNewSize                               = 1287651328                                {product} {ergonomic}
   size_t MinHeapDeltaBytes                        = 1048576                                   {product} {ergonomic}
   size_t MinHeapSize                              = 8388608                                   {product} {ergonomic}
    uintx NonNMethodCodeHeapSize                   = 7602480                                {pd product} {ergonomic}
    uintx NonProfiledCodeHeapSize                  = 122027880                              {pd product} {ergonomic}
    uintx ProfiledCodeHeapSize                     = 122027880                              {pd product} {ergonomic}
    uintx ReservedCodeCacheSize                    = 251658240                              {pd product} {ergonomic}
     bool SegmentedCodeCache                       = true                                      {product} {ergonomic}
   size_t SoftMaxHeapSize                          = 2147483648                             {manageable} {ergonomic}
     bool UseCompressedClassPointers               = true                           {product lp64_product} {ergonomic}
     bool UseCompressedOops                        = true                           {product lp64_product} {ergonomic}
     bool UseG1GC                                  = true                                      {product} {ergonomic}
     bool UseLargePagesIndividualAllocation        = false                                  {pd product} {ergonomic}

Logging:
Log output configuration:
 #0: stdout all=warning uptime,level,tags
 #1: stderr all=off uptime,level,tags

Environment Variables:
JAVA_HOME=D:\Programming\Java\jdk-22
PATH=C:\Program Files\Common Files\Oracle\Java\javapath;C:\Program Files (x86)\Common Files\Oracle\Java\javapath;C:\WINDOWS\system32;C:\WINDOWS;C:\WINDOWS\System32\Wbem;C:\WINDOWS\System32\WindowsPowerShell\v1.0\;C:\WINDOWS\System32\OpenSSH\;C:\Program Files\dotnet\;C:\MinGW\bin;C:\kotlinc\bin;D:\Programming\Git\cmd;D:\Programming\Python\Python311;D:\Programming\Python;D:\Programming\Python\Python311\Scripts;D:\Programming\nodejs\;C:\Program Files\MySQL\MySQL Shell 8.0\bin\;D:\Programming\Python311\Scripts\;D:\Programming\Python311\;C:\Users\agnid\AppData\Local\Microsoft\WindowsApps;D:\Programming\Python\Launcher;C:\Users\agnid\AppData\Roaming\npm;D:\Programming\Microsoft VS Code\bin;D:\Android\Sdk;D:\Android\Sdk\platform-tools;D:\Android\Sdk\emulator;D:\Android\Sdk\tools;D:\Android\Sdk\tools\bin;D:\Softwares\flutter\bin;C:\Users\agnid\AppData\Local\Pub\Cache\bin
USERNAME=agnid
OS=Windows_NT
PROCESSOR_IDENTIFIER=Intel64 Family 6 Model 186 Stepping 2, GenuineIntel
TMP=C:\Users\agnid\AppData\Local\Temp
TEMP=C:\Users\agnid\AppData\Local\Temp



Periodic native trim disabled

JNI global refs:
JNI global refs: 39, weak refs: 2

JNI global refs memory usage: 843, weak refs: 841

OOME stack traces (most recent first):
Classloader memory used:
Loader org.gradle.internal.classloader.VisitableURLClassLoader                         : 4951K
Loader org.gradle.internal.classloader.VisitableURLClassLoader$InstrumentingVisitableURLClassLoader: 4493K
Loader bootstrap                                                                       : 3617K
Loader org.gradle.initialization.MixInLegacyTypesClassLoader                           : 1508K
Loader jdk.internal.reflect.DelegatingClassLoader                                      : 113K
Loader jdk.internal.loader.ClassLoaders$PlatformClassLoader                            : 100K
Loader jdk.internal.loader.ClassLoaders$AppClassLoader                                 : 28456B
Loader sun.reflect.misc.MethodUtil                                                     : 373B


[error occurred during error reporting (Classloader stats), id 0xe0000001, Out of Memory Error (s\src\hotspot\share\memory\arena.cpp:79)]


---------------  S Y S T E M  ---------------

OS:
 Windows 11 , 64 bit Build 22621 (10.0.22621.3527)
OS uptime: 0 days 2:04 hours
Hyper-V role detected

CPU: total 20 (initial active 20) (10 cores per cpu, 2 threads per core) family 6 model 186 stepping 2 microcode 0x410e, cx8, cmov, fxsr, ht, mmx, 3dnowpref, sse, sse2, sse3, ssse3, sse4.1, sse4.2, popcnt, lzcnt, tsc, tscinvbit, avx, avx2, aes, erms, clmul, bmi1, bmi2, adx, sha, fma, vzeroupper, clflush, clflushopt, clwb, hv
Processor Information for processor 0
  Max Mhz: 2400, Current Mhz: 2400, Mhz Limit: 2400
Processor Information for processor 1
  Max Mhz: 2400, Current Mhz: 2400, Mhz Limit: 2400
Processor Information for processor 2
  Max Mhz: 2400, Current Mhz: 2400, Mhz Limit: 2400
Processor Information for processor 3
  Max Mhz: 2400, Current Mhz: 2400, Mhz Limit: 2400
Processor Information for processor 4
  Max Mhz: 2400, Current Mhz: 2400, Mhz Limit: 2400
Processor Information for processor 5
  Max Mhz: 2400, Current Mhz: 2400, Mhz Limit: 2400
Processor Information for processor 6
  Max Mhz: 2400, Current Mhz: 2400, Mhz Limit: 2400
Processor Information for processor 7
  Max Mhz: 2400, Current Mhz: 2400, Mhz Limit: 2400
Processor Information for processor 8
  Max Mhz: 2400, Current Mhz: 2400, Mhz Limit: 2400
Processor Information for processor 9
  Max Mhz: 2400, Current Mhz: 2400, Mhz Limit: 2400
Processor Information for processor 10
  Max Mhz: 2400, Current Mhz: 2400, Mhz Limit: 2400
Processor Information for processor 11
  Max Mhz: 2400, Current Mhz: 2400, Mhz Limit: 2400
Processor Information for processor 12
  Max Mhz: 2400, Current Mhz: 1800, Mhz Limit: 1800
Processor Information for processor 13
  Max Mhz: 2400, Current Mhz: 1800, Mhz Limit: 1800
Processor Information for processor 14
  Max Mhz: 2400, Current Mhz: 1800, Mhz Limit: 1800
Processor Information for processor 15
  Max Mhz: 2400, Current Mhz: 1800, Mhz Limit: 1800
Processor Information for processor 16
  Max Mhz: 2400, Current Mhz: 1800, Mhz Limit: 1800
Processor Information for processor 17
  Max Mhz: 2400, Current Mhz: 1800, Mhz Limit: 1800
Processor Information for processor 18
  Max Mhz: 2400, Current Mhz: 1800, Mhz Limit: 1800
Processor Information for processor 19
  Max Mhz: 2400, Current Mhz: 1800, Mhz Limit: 1800

Memory: 4k page, system-wide physical 16125M (709M free)
TotalPageFile size 19057M (AvailPageFile size 5M)
current process WorkingSet (physical memory assigned to process): 522M, peak: 593M
current process commit charge ("private bytes"): 577M, peak: 653M

vm_info: OpenJDK 64-Bit Server VM (17.0.10+0--11572160) for windows-amd64 JRE (17.0.10+0--11572160), built on Mar 13 2024 23:56:38 by "androidbuild" with MS VC++ 16.10 / 16.11 (VS2019)

END.
